Time,	Thread,	Level,	Source,	Logger,	Message,	Exception
2018-11-10T04:37:13.2963432Z, 1, Operations, Server, Raven.Server.Program,  Build 41004, Version 4.1, SemVer 4.1.2, Commit 95419d2
 PID 14132, 64 bits, 4 Cores, Arch: X64
 3.936 GBytes Physical Memory, 389.39 MBytes Available Memory, 415.81 MBytes Calculated Available Memory
 Using GC in server concurrent mode retaining memory from the OS.
Time,	Thread,	Level,	Source,	Logger,	Message,	Exception
2018-11-10T04:53:37.0190277Z, 1, Operations, Server, Raven.Server.Program,  Build 41004, Version 4.1, SemVer 4.1.2, Commit 95419d2
 PID 13096, 64 bits, 4 Cores, Arch: X64
 3.936 GBytes Physical Memory, 465.61 MBytes Available Memory, 491.98 MBytes Calculated Available Memory
 Using GC in server concurrent mode retaining memory from the OS.
2018-11-10T04:53:41.2586844Z, 1, Operations, Server, Raven.Server.RavenServer, Could not start server, EXCEPTION: System.IO.IOException: Failed to bind to address https://127.0.0.1:443: address already in use. ---> Microsoft.AspNetCore.Connections.AddressInUseException: Only one usage of each socket address (protocol/network address/port) is normally permitted ---> System.Net.Sockets.SocketException: Only one usage of each socket address (protocol/network address/port) is normally permitted
   at System.Net.Sockets.Socket.UpdateStatusAfterSocketErrorAndThrowException(SocketError error, String callerName)
   at System.Net.Sockets.Socket.DoBind(EndPoint endPointSnapshot, SocketAddress socketAddress)
   at System.Net.Sockets.Socket.Bind(EndPoint localEP)
   at Microsoft.AspNetCore.Server.Kestrel.Transport.Sockets.SocketTransport.BindAsync()
   --- End of inner exception stack trace ---
   at Microsoft.AspNetCore.Server.Kestrel.Transport.Sockets.SocketTransport.BindAsync()
   at Microsoft.AspNetCore.Server.Kestrel.Core.KestrelServer.<>c__DisplayClass22_0`1.<<StartAsync>g__OnBind|0>d.MoveNext()
--- End of stack trace from previous location where exception was thrown ---
   at Microsoft.AspNetCore.Server.Kestrel.Core.Internal.AddressBinder.BindEndpointAsync(ListenOptions endpoint, AddressBindContext context)
   --- End of inner exception stack trace ---
   at Microsoft.AspNetCore.Server.Kestrel.Core.Internal.AddressBinder.BindEndpointAsync(ListenOptions endpoint, AddressBindContext context)
   at Microsoft.AspNetCore.Server.Kestrel.Core.ListenOptions.BindAsync(AddressBindContext context)
   at Microsoft.AspNetCore.Server.Kestrel.Core.Internal.AddressBinder.EndpointsStrategy.BindAsync(AddressBindContext context)
   at Microsoft.AspNetCore.Server.Kestrel.Core.Internal.AddressBinder.BindAsync(IServerAddressesFeature addresses, KestrelServerOptions serverOptions, ILogger logger, Func`2 createBinding)
   at Microsoft.AspNetCore.Server.Kestrel.Core.KestrelServer.StartAsync[TContext](IHttpApplication`1 application, CancellationToken cancellationToken)
   at Microsoft.AspNetCore.Hosting.Internal.WebHost.StartAsync(CancellationToken cancellationToken)
   at Microsoft.AspNetCore.Hosting.Internal.WebHost.Start()
   at Raven.Server.RavenServer.Initialize() in C:\Builds\RavenDB-Stable-4.1\src\Raven.Server\RavenServer.cs:line 215
2018-11-10T04:53:41.9447111Z, 1, Operations, Server, Raven.Server.Program, Failed to initialize the server, EXCEPTION: System.IO.IOException: Failed to bind to address https://127.0.0.1:443: address already in use. ---> Microsoft.AspNetCore.Connections.AddressInUseException: Only one usage of each socket address (protocol/network address/port) is normally permitted ---> System.Net.Sockets.SocketException: Only one usage of each socket address (protocol/network address/port) is normally permitted
   at System.Net.Sockets.Socket.UpdateStatusAfterSocketErrorAndThrowException(SocketError error, String callerName)
   at System.Net.Sockets.Socket.DoBind(EndPoint endPointSnapshot, SocketAddress socketAddress)
   at System.Net.Sockets.Socket.Bind(EndPoint localEP)
   at Microsoft.AspNetCore.Server.Kestrel.Transport.Sockets.SocketTransport.BindAsync()
   --- End of inner exception stack trace ---
   at Microsoft.AspNetCore.Server.Kestrel.Transport.Sockets.SocketTransport.BindAsync()
   at Microsoft.AspNetCore.Server.Kestrel.Core.KestrelServer.<>c__DisplayClass22_0`1.<<StartAsync>g__OnBind|0>d.MoveNext()
--- End of stack trace from previous location where exception was thrown ---
   at Microsoft.AspNetCore.Server.Kestrel.Core.Internal.AddressBinder.BindEndpointAsync(ListenOptions endpoint, AddressBindContext context)
   --- End of inner exception stack trace ---
   at Microsoft.AspNetCore.Server.Kestrel.Core.Internal.AddressBinder.BindEndpointAsync(ListenOptions endpoint, AddressBindContext context)
   at Microsoft.AspNetCore.Server.Kestrel.Core.ListenOptions.BindAsync(AddressBindContext context)
   at Microsoft.AspNetCore.Server.Kestrel.Core.Internal.AddressBinder.EndpointsStrategy.BindAsync(AddressBindContext context)
   at Microsoft.AspNetCore.Server.Kestrel.Core.Internal.AddressBinder.BindAsync(IServerAddressesFeature addresses, KestrelServerOptions serverOptions, ILogger logger, Func`2 createBinding)
   at Microsoft.AspNetCore.Server.Kestrel.Core.KestrelServer.StartAsync[TContext](IHttpApplication`1 application, CancellationToken cancellationToken)
   at Microsoft.AspNetCore.Hosting.Internal.WebHost.StartAsync(CancellationToken cancellationToken)
   at Microsoft.AspNetCore.Hosting.Internal.WebHost.Start()
   at Raven.Server.RavenServer.Initialize() in C:\Builds\RavenDB-Stable-4.1\src\Raven.Server\RavenServer.cs:line 215
   at Raven.Server.Program.Main(String[] args) in C:\Builds\RavenDB-Stable-4.1\src\Raven.Server\Program.cs:line 149
2018-11-10T04:53:41.9457413Z, 1, Operations, Server, Raven.Server.Program, 
Port might be already in use.
Try running with an unused port.
You can change the port using one of the following options:
1) Change the ServerUrl property in setting.json file.
2) Run the server from the command line with --ServerUrl option.
3) Add RAVEN_ServerUrl to the Environment Variables.
For more information go to https://ravendb.net/l/EJS81M/4.1
2018-11-10T04:53:42.0349299Z, 1, Operations, Server, Raven.Server.Program, Server has shut down
Time,	Thread,	Level,	Source,	Logger,	Message,	Exception
2018-11-10T04:56:25.4546329Z, 1, Operations, Server, Raven.Server.Program,  Build 41004, Version 4.1, SemVer 4.1.2, Commit 95419d2
 PID 13808, 64 bits, 4 Cores, Arch: X64
 3.936 GBytes Physical Memory, 514.38 MBytes Available Memory, 540.66 MBytes Calculated Available Memory
 Using GC in server concurrent mode retaining memory from the OS.
2018-11-10T04:56:27.5589808Z, 1, Operations, Server, Raven.Server.RavenServer, During server initialization, validating that the server can authenticate with itself using https://doan.nhom85.ravendb.community.
2018-11-10T04:56:28.1276022Z, 1, Operations, Server, Raven.Server.RavenServer, HTTPS is on. Setting up a new web host to redirect incoming HTTP traffic on port 80 to HTTPS on port 443. The new web host is listening to http://doan.nhom85.ravendb.community/
2018-11-10T04:56:28.2692483Z, 1, Operations, Server, Raven.Server.RavenServer, Failed to create a webhost to redirect HTTP traffic to HTTPS, EXCEPTION: System.Net.Sockets.SocketException (10013): An attempt was made to access a socket in a way forbidden by its access permissions
   at System.Net.Sockets.Socket.UpdateStatusAfterSocketErrorAndThrowException(SocketError error, String callerName)
   at System.Net.Sockets.Socket.DoBind(EndPoint endPointSnapshot, SocketAddress socketAddress)
   at System.Net.Sockets.Socket.Bind(EndPoint localEP)
   at Microsoft.AspNetCore.Server.Kestrel.Transport.Sockets.SocketTransport.BindAsync()
   at Microsoft.AspNetCore.Server.Kestrel.Core.KestrelServer.<>c__DisplayClass22_0`1.<<StartAsync>g__OnBind|0>d.MoveNext()
--- End of stack trace from previous location where exception was thrown ---
   at Microsoft.AspNetCore.Server.Kestrel.Core.Internal.AddressBinder.BindEndpointAsync(ListenOptions endpoint, AddressBindContext context)
   at Microsoft.AspNetCore.Server.Kestrel.Core.ListenOptions.BindAsync(AddressBindContext context)
   at Microsoft.AspNetCore.Server.Kestrel.Core.AnyIPListenOptions.BindAsync(AddressBindContext context)
   at Microsoft.AspNetCore.Server.Kestrel.Core.Internal.AddressBinder.AddressesStrategy.BindAsync(AddressBindContext context)
   at Microsoft.AspNetCore.Server.Kestrel.Core.Internal.AddressBinder.BindAsync(IServerAddressesFeature addresses, KestrelServerOptions serverOptions, ILogger logger, Func`2 createBinding)
   at Microsoft.AspNetCore.Server.Kestrel.Core.KestrelServer.StartAsync[TContext](IHttpApplication`1 application, CancellationToken cancellationToken)
   at Microsoft.AspNetCore.Hosting.Internal.WebHost.StartAsync(CancellationToken cancellationToken)
   at Microsoft.AspNetCore.Hosting.Internal.WebHost.Start()
   at Raven.Server.RavenServer.RedirectsHttpTrafficToHttps() in C:\Builds\RavenDB-Stable-4.1\src\Raven.Server\RavenServer.cs:line 323
2018-11-10T04:56:29.4594888Z, 1, Operations, Server, Sparrow.LowMemory.CheckPageFileOnHdd, Failed to determine if drive C is SSD or HDD
2018-11-10T04:56:29.4596707Z, 1, Operations, Server, Sparrow.LowMemory.CheckPageFileOnHdd, Failed to determine if drive D is SSD or HDD
2018-11-10T04:56:29.4597924Z, 1, Operations, Server, Sparrow.LowMemory.CheckPageFileOnHdd, Failed to determine if drive E is SSD or HDD
2018-11-10T04:56:29.4599077Z, 1, Operations, Server, Sparrow.LowMemory.CheckPageFileOnHdd, Failed to determine if drive F is SSD or HDD
2018-11-10T04:56:29.4600197Z, 1, Operations, Server, Sparrow.LowMemory.CheckPageFileOnHdd, Failed to determine if drive G is SSD or HDD
2018-11-10T04:56:40.4128341Z, 17, Operations, ?, Raven.Server.Rachis.RachisConsensus, Took way too much time (00:00:00.2137073) to change the state to LeaderElect in term 1. (Election timeout:00:00:00.3000000)
2018-11-10T04:56:46.2462414Z, 21, Information, A, Raven.Server.ServerWide.Maintenance.ClusterObserver, We give more time for the 'QLTHUVIEN' stats to become stable, so we skip analyzing it for now.
Time,	Thread,	Level,	Source,	Logger,	Message,	Exception
2018-11-10T04:57:40.8909150Z, 1, Operations, Server, Raven.Server.Program,  Build 41004, Version 4.1, SemVer 4.1.2, Commit 95419d2
 PID 4300, 64 bits, 4 Cores, Arch: X64
 3.936 GBytes Physical Memory, 585.13 MBytes Available Memory, 611.39 MBytes Calculated Available Memory
 Using GC in server concurrent mode retaining memory from the OS.
2018-11-10T04:57:42.7941540Z, 1, Operations, Server, Raven.Server.RavenServer, During server initialization, validating that the server can authenticate with itself using https://doan.nhom85.ravendb.community.
2018-11-10T04:57:43.1870108Z, 1, Operations, Server, Raven.Server.RavenServer, HTTPS is on. Setting up a new web host to redirect incoming HTTP traffic on port 80 to HTTPS on port 443. The new web host is listening to http://doan.nhom85.ravendb.community/
2018-11-10T04:57:43.2381193Z, 1, Operations, Server, Raven.Server.RavenServer, Failed to create a webhost to redirect HTTP traffic to HTTPS, EXCEPTION: System.Net.Sockets.SocketException (10013): An attempt was made to access a socket in a way forbidden by its access permissions
   at System.Net.Sockets.Socket.UpdateStatusAfterSocketErrorAndThrowException(SocketError error, String callerName)
   at System.Net.Sockets.Socket.DoBind(EndPoint endPointSnapshot, SocketAddress socketAddress)
   at System.Net.Sockets.Socket.Bind(EndPoint localEP)
   at Microsoft.AspNetCore.Server.Kestrel.Transport.Sockets.SocketTransport.BindAsync()
   at Microsoft.AspNetCore.Server.Kestrel.Core.KestrelServer.<>c__DisplayClass22_0`1.<<StartAsync>g__OnBind|0>d.MoveNext()
--- End of stack trace from previous location where exception was thrown ---
   at Microsoft.AspNetCore.Server.Kestrel.Core.Internal.AddressBinder.BindEndpointAsync(ListenOptions endpoint, AddressBindContext context)
   at Microsoft.AspNetCore.Server.Kestrel.Core.ListenOptions.BindAsync(AddressBindContext context)
   at Microsoft.AspNetCore.Server.Kestrel.Core.AnyIPListenOptions.BindAsync(AddressBindContext context)
   at Microsoft.AspNetCore.Server.Kestrel.Core.Internal.AddressBinder.AddressesStrategy.BindAsync(AddressBindContext context)
   at Microsoft.AspNetCore.Server.Kestrel.Core.Internal.AddressBinder.BindAsync(IServerAddressesFeature addresses, KestrelServerOptions serverOptions, ILogger logger, Func`2 createBinding)
   at Microsoft.AspNetCore.Server.Kestrel.Core.KestrelServer.StartAsync[TContext](IHttpApplication`1 application, CancellationToken cancellationToken)
   at Microsoft.AspNetCore.Hosting.Internal.WebHost.StartAsync(CancellationToken cancellationToken)
   at Microsoft.AspNetCore.Hosting.Internal.WebHost.Start()
   at Raven.Server.RavenServer.RedirectsHttpTrafficToHttps() in C:\Builds\RavenDB-Stable-4.1\src\Raven.Server\RavenServer.cs:line 323
2018-11-10T04:57:43.4453735Z, 1, Operations, Server, Sparrow.LowMemory.CheckPageFileOnHdd, Failed to determine if drive C is SSD or HDD
2018-11-10T04:57:43.4455778Z, 1, Operations, Server, Sparrow.LowMemory.CheckPageFileOnHdd, Failed to determine if drive D is SSD or HDD
2018-11-10T04:57:43.4457259Z, 1, Operations, Server, Sparrow.LowMemory.CheckPageFileOnHdd, Failed to determine if drive E is SSD or HDD
2018-11-10T04:57:43.4458686Z, 1, Operations, Server, Sparrow.LowMemory.CheckPageFileOnHdd, Failed to determine if drive F is SSD or HDD
2018-11-10T04:57:43.4460084Z, 1, Operations, Server, Sparrow.LowMemory.CheckPageFileOnHdd, Failed to determine if drive G is SSD or HDD
Time,	Thread,	Level,	Source,	Logger,	Message,	Exception
2018-11-10T04:59:19.1905804Z, 1, Operations, Server, Raven.Server.Program,  Build 41004, Version 4.1, SemVer 4.1.2, Commit 95419d2
 PID 4244, 64 bits, 4 Cores, Arch: X64
 3.936 GBytes Physical Memory, 326.13 MBytes Available Memory, 352.56 MBytes Calculated Available Memory
 Using GC in server concurrent mode retaining memory from the OS.
2018-11-10T04:59:22.9934532Z, 1, Operations, Server, Raven.Server.RavenServer, During server initialization, validating that the server can authenticate with itself using https://doan.nhom85.ravendb.community.
2018-11-10T04:59:23.7298498Z, 1, Operations, Server, Raven.Server.RavenServer, HTTPS is on. Setting up a new web host to redirect incoming HTTP traffic on port 80 to HTTPS on port 443. The new web host is listening to http://doan.nhom85.ravendb.community/
2018-11-10T04:59:23.8079776Z, 1, Operations, Server, Raven.Server.RavenServer, Failed to create a webhost to redirect HTTP traffic to HTTPS, EXCEPTION: System.Net.Sockets.SocketException (10013): An attempt was made to access a socket in a way forbidden by its access permissions
   at System.Net.Sockets.Socket.UpdateStatusAfterSocketErrorAndThrowException(SocketError error, String callerName)
   at System.Net.Sockets.Socket.DoBind(EndPoint endPointSnapshot, SocketAddress socketAddress)
   at System.Net.Sockets.Socket.Bind(EndPoint localEP)
   at Microsoft.AspNetCore.Server.Kestrel.Transport.Sockets.SocketTransport.BindAsync()
   at Microsoft.AspNetCore.Server.Kestrel.Core.KestrelServer.<>c__DisplayClass22_0`1.<<StartAsync>g__OnBind|0>d.MoveNext()
--- End of stack trace from previous location where exception was thrown ---
   at Microsoft.AspNetCore.Server.Kestrel.Core.Internal.AddressBinder.BindEndpointAsync(ListenOptions endpoint, AddressBindContext context)
   at Microsoft.AspNetCore.Server.Kestrel.Core.ListenOptions.BindAsync(AddressBindContext context)
   at Microsoft.AspNetCore.Server.Kestrel.Core.AnyIPListenOptions.BindAsync(AddressBindContext context)
   at Microsoft.AspNetCore.Server.Kestrel.Core.Internal.AddressBinder.AddressesStrategy.BindAsync(AddressBindContext context)
   at Microsoft.AspNetCore.Server.Kestrel.Core.Internal.AddressBinder.BindAsync(IServerAddressesFeature addresses, KestrelServerOptions serverOptions, ILogger logger, Func`2 createBinding)
   at Microsoft.AspNetCore.Server.Kestrel.Core.KestrelServer.StartAsync[TContext](IHttpApplication`1 application, CancellationToken cancellationToken)
   at Microsoft.AspNetCore.Hosting.Internal.WebHost.StartAsync(CancellationToken cancellationToken)
   at Microsoft.AspNetCore.Hosting.Internal.WebHost.Start()
   at Raven.Server.RavenServer.RedirectsHttpTrafficToHttps() in C:\Builds\RavenDB-Stable-4.1\src\Raven.Server\RavenServer.cs:line 323
2018-11-10T04:59:26.1238932Z, 1, Operations, Server, Sparrow.LowMemory.CheckPageFileOnHdd, Failed to determine if drive C is SSD or HDD
2018-11-10T04:59:26.1240707Z, 1, Operations, Server, Sparrow.LowMemory.CheckPageFileOnHdd, Failed to determine if drive D is SSD or HDD
2018-11-10T04:59:26.1241870Z, 1, Operations, Server, Sparrow.LowMemory.CheckPageFileOnHdd, Failed to determine if drive E is SSD or HDD
2018-11-10T04:59:26.1243009Z, 1, Operations, Server, Sparrow.LowMemory.CheckPageFileOnHdd, Failed to determine if drive F is SSD or HDD
2018-11-10T04:59:26.1244538Z, 1, Operations, Server, Sparrow.LowMemory.CheckPageFileOnHdd, Failed to determine if drive G is SSD or HDD
2018-11-10T04:59:29.3485275Z, 1, Operations, A, Raven.Server.Rachis.RachisConsensus, Took way too much time (00:00:00.2028482) to change the state to LeaderElect in term 3. (Election timeout:00:00:00.3000000)
Time,	Thread,	Level,	Source,	Logger,	Message,	Exception
2018-11-10T05:01:16.4080563Z, 1, Operations, Server, Raven.Server.Program,  Build 41004, Version 4.1, SemVer 4.1.2, Commit 95419d2
 PID 2924, 64 bits, 4 Cores, Arch: X64
 3.936 GBytes Physical Memory, 694.24 MBytes Available Memory, 720.91 MBytes Calculated Available Memory
 Using GC in server concurrent mode retaining memory from the OS.
2018-11-10T05:01:20.9967408Z, 1, Operations, Server, Raven.Server.RavenServer, During server initialization, validating that the server can authenticate with itself using https://doan.nhom85.ravendb.community.
2018-11-10T05:01:21.3766747Z, 1, Operations, Server, Raven.Server.RavenServer, HTTPS is on. Setting up a new web host to redirect incoming HTTP traffic on port 80 to HTTPS on port 443. The new web host is listening to http://doan.nhom85.ravendb.community/
2018-11-10T05:01:21.4619618Z, 1, Operations, Server, Raven.Server.RavenServer, Failed to create a webhost to redirect HTTP traffic to HTTPS, EXCEPTION: System.Net.Sockets.SocketException (10013): An attempt was made to access a socket in a way forbidden by its access permissions
   at System.Net.Sockets.Socket.UpdateStatusAfterSocketErrorAndThrowException(SocketError error, String callerName)
   at System.Net.Sockets.Socket.DoBind(EndPoint endPointSnapshot, SocketAddress socketAddress)
   at System.Net.Sockets.Socket.Bind(EndPoint localEP)
   at Microsoft.AspNetCore.Server.Kestrel.Transport.Sockets.SocketTransport.BindAsync()
   at Microsoft.AspNetCore.Server.Kestrel.Core.KestrelServer.<>c__DisplayClass22_0`1.<<StartAsync>g__OnBind|0>d.MoveNext()
--- End of stack trace from previous location where exception was thrown ---
   at Microsoft.AspNetCore.Server.Kestrel.Core.Internal.AddressBinder.BindEndpointAsync(ListenOptions endpoint, AddressBindContext context)
   at Microsoft.AspNetCore.Server.Kestrel.Core.ListenOptions.BindAsync(AddressBindContext context)
   at Microsoft.AspNetCore.Server.Kestrel.Core.AnyIPListenOptions.BindAsync(AddressBindContext context)
   at Microsoft.AspNetCore.Server.Kestrel.Core.Internal.AddressBinder.AddressesStrategy.BindAsync(AddressBindContext context)
   at Microsoft.AspNetCore.Server.Kestrel.Core.Internal.AddressBinder.BindAsync(IServerAddressesFeature addresses, KestrelServerOptions serverOptions, ILogger logger, Func`2 createBinding)
   at Microsoft.AspNetCore.Server.Kestrel.Core.KestrelServer.StartAsync[TContext](IHttpApplication`1 application, CancellationToken cancellationToken)
   at Microsoft.AspNetCore.Hosting.Internal.WebHost.StartAsync(CancellationToken cancellationToken)
   at Microsoft.AspNetCore.Hosting.Internal.WebHost.Start()
   at Raven.Server.RavenServer.RedirectsHttpTrafficToHttps() in C:\Builds\RavenDB-Stable-4.1\src\Raven.Server\RavenServer.cs:line 323
2018-11-10T05:01:23.0247522Z, 1, Operations, Server, Sparrow.LowMemory.CheckPageFileOnHdd, Failed to determine if drive C is SSD or HDD
2018-11-10T05:01:23.0249834Z, 1, Operations, Server, Sparrow.LowMemory.CheckPageFileOnHdd, Failed to determine if drive D is SSD or HDD
2018-11-10T05:01:23.0251505Z, 1, Operations, Server, Sparrow.LowMemory.CheckPageFileOnHdd, Failed to determine if drive E is SSD or HDD
2018-11-10T05:01:23.0253128Z, 1, Operations, Server, Sparrow.LowMemory.CheckPageFileOnHdd, Failed to determine if drive F is SSD or HDD
2018-11-10T05:01:23.0254716Z, 1, Operations, Server, Sparrow.LowMemory.CheckPageFileOnHdd, Failed to determine if drive G is SSD or HDD
2018-11-10T05:01:25.0778376Z, 1, Operations, A, Raven.Server.Rachis.RachisConsensus, Took way too much time (00:00:00.1523711) to change the state to LeaderElect in term 4. (Election timeout:00:00:00.3000000)
Time,	Thread,	Level,	Source,	Logger,	Message,	Exception
2018-11-10T05:07:16.9854552Z, 1, Operations, Server, Raven.Server.Program,  Build 41004, Version 4.1, SemVer 4.1.2, Commit 95419d2
 PID 11608, 64 bits, 4 Cores, Arch: X64
 3.936 GBytes Physical Memory, 706.11 MBytes Available Memory, 732.4 MBytes Calculated Available Memory
 Using GC in server concurrent mode retaining memory from the OS.
2018-11-10T05:07:18.6476437Z, 1, Operations, Server, Raven.Server.RavenServer, During server initialization, validating that the server can authenticate with itself using https://doan.nhom85.ravendb.community.
2018-11-10T05:07:19.0093001Z, 1, Operations, Server, Raven.Server.RavenServer, HTTPS is on. Setting up a new web host to redirect incoming HTTP traffic on port 80 to HTTPS on port 443. The new web host is listening to http://doan.nhom85.ravendb.community/
2018-11-10T05:07:19.0681422Z, 1, Operations, Server, Raven.Server.RavenServer, Failed to create a webhost to redirect HTTP traffic to HTTPS, EXCEPTION: System.Net.Sockets.SocketException (10013): An attempt was made to access a socket in a way forbidden by its access permissions
   at System.Net.Sockets.Socket.UpdateStatusAfterSocketErrorAndThrowException(SocketError error, String callerName)
   at System.Net.Sockets.Socket.DoBind(EndPoint endPointSnapshot, SocketAddress socketAddress)
   at System.Net.Sockets.Socket.Bind(EndPoint localEP)
   at Microsoft.AspNetCore.Server.Kestrel.Transport.Sockets.SocketTransport.BindAsync()
   at Microsoft.AspNetCore.Server.Kestrel.Core.KestrelServer.<>c__DisplayClass22_0`1.<<StartAsync>g__OnBind|0>d.MoveNext()
--- End of stack trace from previous location where exception was thrown ---
   at Microsoft.AspNetCore.Server.Kestrel.Core.Internal.AddressBinder.BindEndpointAsync(ListenOptions endpoint, AddressBindContext context)
   at Microsoft.AspNetCore.Server.Kestrel.Core.ListenOptions.BindAsync(AddressBindContext context)
   at Microsoft.AspNetCore.Server.Kestrel.Core.AnyIPListenOptions.BindAsync(AddressBindContext context)
   at Microsoft.AspNetCore.Server.Kestrel.Core.Internal.AddressBinder.AddressesStrategy.BindAsync(AddressBindContext context)
   at Microsoft.AspNetCore.Server.Kestrel.Core.Internal.AddressBinder.BindAsync(IServerAddressesFeature addresses, KestrelServerOptions serverOptions, ILogger logger, Func`2 createBinding)
   at Microsoft.AspNetCore.Server.Kestrel.Core.KestrelServer.StartAsync[TContext](IHttpApplication`1 application, CancellationToken cancellationToken)
   at Microsoft.AspNetCore.Hosting.Internal.WebHost.StartAsync(CancellationToken cancellationToken)
   at Microsoft.AspNetCore.Hosting.Internal.WebHost.Start()
   at Raven.Server.RavenServer.RedirectsHttpTrafficToHttps() in C:\Builds\RavenDB-Stable-4.1\src\Raven.Server\RavenServer.cs:line 323
2018-11-10T05:07:19.3043095Z, 1, Operations, Server, Sparrow.LowMemory.CheckPageFileOnHdd, Failed to determine if drive C is SSD or HDD
2018-11-10T05:07:19.3044830Z, 1, Operations, Server, Sparrow.LowMemory.CheckPageFileOnHdd, Failed to determine if drive D is SSD or HDD
2018-11-10T05:07:19.3046100Z, 1, Operations, Server, Sparrow.LowMemory.CheckPageFileOnHdd, Failed to determine if drive E is SSD or HDD
2018-11-10T05:07:19.3047415Z, 1, Operations, Server, Sparrow.LowMemory.CheckPageFileOnHdd, Failed to determine if drive F is SSD or HDD
2018-11-10T05:07:19.3048515Z, 1, Operations, Server, Sparrow.LowMemory.CheckPageFileOnHdd, Failed to determine if drive G is SSD or HDD
Time,	Thread,	Level,	Source,	Logger,	Message,	Exception
2018-11-10T05:09:23.5734007Z, 1, Operations, Server, Raven.Server.Program,  Build 41004, Version 4.1, SemVer 4.1.2, Commit 95419d2
 PID 10832, 64 bits, 4 Cores, Arch: X64
 3.936 GBytes Physical Memory, 734.65 MBytes Available Memory, 761.12 MBytes Calculated Available Memory
 Using GC in server concurrent mode retaining memory from the OS.
2018-11-10T05:09:25.4433790Z, 1, Operations, Server, Raven.Server.RavenServer, During server initialization, validating that the server can authenticate with itself using https://doan.nhom85.ravendb.community.
2018-11-10T05:09:25.8126469Z, 1, Operations, Server, Raven.Server.RavenServer, HTTPS is on. Setting up a new web host to redirect incoming HTTP traffic on port 80 to HTTPS on port 443. The new web host is listening to http://doan.nhom85.ravendb.community/
2018-11-10T05:09:25.8730315Z, 1, Operations, Server, Raven.Server.RavenServer, Failed to create a webhost to redirect HTTP traffic to HTTPS, EXCEPTION: System.Net.Sockets.SocketException (10013): An attempt was made to access a socket in a way forbidden by its access permissions
   at System.Net.Sockets.Socket.UpdateStatusAfterSocketErrorAndThrowException(SocketError error, String callerName)
   at System.Net.Sockets.Socket.DoBind(EndPoint endPointSnapshot, SocketAddress socketAddress)
   at System.Net.Sockets.Socket.Bind(EndPoint localEP)
   at Microsoft.AspNetCore.Server.Kestrel.Transport.Sockets.SocketTransport.BindAsync()
   at Microsoft.AspNetCore.Server.Kestrel.Core.KestrelServer.<>c__DisplayClass22_0`1.<<StartAsync>g__OnBind|0>d.MoveNext()
--- End of stack trace from previous location where exception was thrown ---
   at Microsoft.AspNetCore.Server.Kestrel.Core.Internal.AddressBinder.BindEndpointAsync(ListenOptions endpoint, AddressBindContext context)
   at Microsoft.AspNetCore.Server.Kestrel.Core.ListenOptions.BindAsync(AddressBindContext context)
   at Microsoft.AspNetCore.Server.Kestrel.Core.AnyIPListenOptions.BindAsync(AddressBindContext context)
   at Microsoft.AspNetCore.Server.Kestrel.Core.Internal.AddressBinder.AddressesStrategy.BindAsync(AddressBindContext context)
   at Microsoft.AspNetCore.Server.Kestrel.Core.Internal.AddressBinder.BindAsync(IServerAddressesFeature addresses, KestrelServerOptions serverOptions, ILogger logger, Func`2 createBinding)
   at Microsoft.AspNetCore.Server.Kestrel.Core.KestrelServer.StartAsync[TContext](IHttpApplication`1 application, CancellationToken cancellationToken)
   at Microsoft.AspNetCore.Hosting.Internal.WebHost.StartAsync(CancellationToken cancellationToken)
   at Microsoft.AspNetCore.Hosting.Internal.WebHost.Start()
   at Raven.Server.RavenServer.RedirectsHttpTrafficToHttps() in C:\Builds\RavenDB-Stable-4.1\src\Raven.Server\RavenServer.cs:line 323
2018-11-10T05:09:26.2186098Z, 1, Operations, Server, Sparrow.LowMemory.CheckPageFileOnHdd, Failed to determine if drive C is SSD or HDD
2018-11-10T05:09:26.2188430Z, 1, Operations, Server, Sparrow.LowMemory.CheckPageFileOnHdd, Failed to determine if drive D is SSD or HDD
2018-11-10T05:09:26.2190091Z, 1, Operations, Server, Sparrow.LowMemory.CheckPageFileOnHdd, Failed to determine if drive E is SSD or HDD
2018-11-10T05:09:26.2191744Z, 1, Operations, Server, Sparrow.LowMemory.CheckPageFileOnHdd, Failed to determine if drive F is SSD or HDD
2018-11-10T05:09:26.2193347Z, 1, Operations, Server, Sparrow.LowMemory.CheckPageFileOnHdd, Failed to determine if drive G is SSD or HDD
2018-11-10T05:09:27.6499031Z, 1, Operations, A, Raven.Server.Rachis.RachisConsensus, Took way too much time (00:00:00.1524000) to change the state to LeaderElect in term 6. (Election timeout:00:00:00.3000000)
Time,	Thread,	Level,	Source,	Logger,	Message,	Exception
2018-11-10T05:10:18.4188957Z, 1, Operations, Server, Raven.Server.Program,  Build 41004, Version 4.1, SemVer 4.1.2, Commit 95419d2
 PID 780, 64 bits, 4 Cores, Arch: X64
 3.936 GBytes Physical Memory, 676.81 MBytes Available Memory, 703.21 MBytes Calculated Available Memory
 Using GC in server concurrent mode retaining memory from the OS.
2018-11-10T05:10:20.0676476Z, 1, Operations, Server, Raven.Server.RavenServer, During server initialization, validating that the server can authenticate with itself using https://doan.nhom85.ravendb.community.
2018-11-10T05:10:20.4321500Z, 1, Operations, Server, Raven.Server.RavenServer, HTTPS is on. Setting up a new web host to redirect incoming HTTP traffic on port 80 to HTTPS on port 443. The new web host is listening to http://doan.nhom85.ravendb.community/
2018-11-10T05:10:20.4894062Z, 1, Operations, Server, Raven.Server.RavenServer, Failed to create a webhost to redirect HTTP traffic to HTTPS, EXCEPTION: System.Net.Sockets.SocketException (10013): An attempt was made to access a socket in a way forbidden by its access permissions
   at System.Net.Sockets.Socket.UpdateStatusAfterSocketErrorAndThrowException(SocketError error, String callerName)
   at System.Net.Sockets.Socket.DoBind(EndPoint endPointSnapshot, SocketAddress socketAddress)
   at System.Net.Sockets.Socket.Bind(EndPoint localEP)
   at Microsoft.AspNetCore.Server.Kestrel.Transport.Sockets.SocketTransport.BindAsync()
   at Microsoft.AspNetCore.Server.Kestrel.Core.KestrelServer.<>c__DisplayClass22_0`1.<<StartAsync>g__OnBind|0>d.MoveNext()
--- End of stack trace from previous location where exception was thrown ---
   at Microsoft.AspNetCore.Server.Kestrel.Core.Internal.AddressBinder.BindEndpointAsync(ListenOptions endpoint, AddressBindContext context)
   at Microsoft.AspNetCore.Server.Kestrel.Core.ListenOptions.BindAsync(AddressBindContext context)
   at Microsoft.AspNetCore.Server.Kestrel.Core.AnyIPListenOptions.BindAsync(AddressBindContext context)
   at Microsoft.AspNetCore.Server.Kestrel.Core.Internal.AddressBinder.AddressesStrategy.BindAsync(AddressBindContext context)
   at Microsoft.AspNetCore.Server.Kestrel.Core.Internal.AddressBinder.BindAsync(IServerAddressesFeature addresses, KestrelServerOptions serverOptions, ILogger logger, Func`2 createBinding)
   at Microsoft.AspNetCore.Server.Kestrel.Core.KestrelServer.StartAsync[TContext](IHttpApplication`1 application, CancellationToken cancellationToken)
   at Microsoft.AspNetCore.Hosting.Internal.WebHost.StartAsync(CancellationToken cancellationToken)
   at Microsoft.AspNetCore.Hosting.Internal.WebHost.Start()
   at Raven.Server.RavenServer.RedirectsHttpTrafficToHttps() in C:\Builds\RavenDB-Stable-4.1\src\Raven.Server\RavenServer.cs:line 323
2018-11-10T05:10:20.7163072Z, 1, Operations, Server, Sparrow.LowMemory.CheckPageFileOnHdd, Failed to determine if drive C is SSD or HDD
2018-11-10T05:10:20.7165105Z, 1, Operations, Server, Sparrow.LowMemory.CheckPageFileOnHdd, Failed to determine if drive D is SSD or HDD
2018-11-10T05:10:20.7166708Z, 1, Operations, Server, Sparrow.LowMemory.CheckPageFileOnHdd, Failed to determine if drive E is SSD or HDD
2018-11-10T05:10:20.7168267Z, 1, Operations, Server, Sparrow.LowMemory.CheckPageFileOnHdd, Failed to determine if drive F is SSD or HDD
2018-11-10T05:10:20.7170936Z, 1, Operations, Server, Sparrow.LowMemory.CheckPageFileOnHdd, Failed to determine if drive G is SSD or HDD
Time,	Thread,	Level,	Source,	Logger,	Message,	Exception
2018-11-10T14:24:29.9026976Z, 1, Operations, Server, Raven.Server.Program,  Build 41004, Version 4.1, SemVer 4.1.2, Commit 95419d2
 PID 10824, 64 bits, 4 Cores, Arch: X64
 3.936 GBytes Physical Memory, 495.46 MBytes Available Memory, 521.81 MBytes Calculated Available Memory
 Using GC in server concurrent mode retaining memory from the OS.
2018-11-10T14:24:35.6823823Z, 1, Operations, Server, Raven.Server.RavenServer, During server initialization, validating that the server can authenticate with itself using https://doan.nhom85.ravendb.community.
2018-11-10T14:24:36.0957431Z, 1, Operations, Server, Raven.Server.RavenServer, HTTPS is on. Setting up a new web host to redirect incoming HTTP traffic on port 80 to HTTPS on port 443. The new web host is listening to http://doan.nhom85.ravendb.community/
2018-11-10T14:24:36.2864793Z, 1, Operations, Server, Raven.Server.RavenServer, Failed to create a webhost to redirect HTTP traffic to HTTPS, EXCEPTION: System.Net.Sockets.SocketException (10013): An attempt was made to access a socket in a way forbidden by its access permissions
   at System.Net.Sockets.Socket.UpdateStatusAfterSocketErrorAndThrowException(SocketError error, String callerName)
   at System.Net.Sockets.Socket.DoBind(EndPoint endPointSnapshot, SocketAddress socketAddress)
   at System.Net.Sockets.Socket.Bind(EndPoint localEP)
   at Microsoft.AspNetCore.Server.Kestrel.Transport.Sockets.SocketTransport.BindAsync()
   at Microsoft.AspNetCore.Server.Kestrel.Core.KestrelServer.<>c__DisplayClass22_0`1.<<StartAsync>g__OnBind|0>d.MoveNext()
--- End of stack trace from previous location where exception was thrown ---
   at Microsoft.AspNetCore.Server.Kestrel.Core.Internal.AddressBinder.BindEndpointAsync(ListenOptions endpoint, AddressBindContext context)
   at Microsoft.AspNetCore.Server.Kestrel.Core.ListenOptions.BindAsync(AddressBindContext context)
   at Microsoft.AspNetCore.Server.Kestrel.Core.AnyIPListenOptions.BindAsync(AddressBindContext context)
   at Microsoft.AspNetCore.Server.Kestrel.Core.Internal.AddressBinder.AddressesStrategy.BindAsync(AddressBindContext context)
   at Microsoft.AspNetCore.Server.Kestrel.Core.Internal.AddressBinder.BindAsync(IServerAddressesFeature addresses, KestrelServerOptions serverOptions, ILogger logger, Func`2 createBinding)
   at Microsoft.AspNetCore.Server.Kestrel.Core.KestrelServer.StartAsync[TContext](IHttpApplication`1 application, CancellationToken cancellationToken)
   at Microsoft.AspNetCore.Hosting.Internal.WebHost.StartAsync(CancellationToken cancellationToken)
   at Microsoft.AspNetCore.Hosting.Internal.WebHost.Start()
   at Raven.Server.RavenServer.RedirectsHttpTrafficToHttps() in C:\Builds\RavenDB-Stable-4.1\src\Raven.Server\RavenServer.cs:line 323
2018-11-10T14:24:38.0697712Z, 1, Operations, Server, Sparrow.LowMemory.CheckPageFileOnHdd, Failed to determine if drive C is SSD or HDD
2018-11-10T14:24:38.0699941Z, 1, Operations, Server, Sparrow.LowMemory.CheckPageFileOnHdd, Failed to determine if drive D is SSD or HDD
2018-11-10T14:24:38.0701548Z, 1, Operations, Server, Sparrow.LowMemory.CheckPageFileOnHdd, Failed to determine if drive E is SSD or HDD
2018-11-10T14:24:38.0703044Z, 1, Operations, Server, Sparrow.LowMemory.CheckPageFileOnHdd, Failed to determine if drive F is SSD or HDD
2018-11-10T14:24:38.0704486Z, 1, Operations, Server, Sparrow.LowMemory.CheckPageFileOnHdd, Failed to determine if drive G is SSD or HDD
2018-11-10T14:24:40.6327785Z, 1, Operations, A, Raven.Server.Rachis.RachisConsensus, Took way too much time (00:00:00.1904879) to change the state to LeaderElect in term 8. (Election timeout:00:00:00.3000000)
Time,	Thread,	Level,	Source,	Logger,	Message,	Exception
2018-11-10T14:28:13.5547377Z, 1, Operations, Server, Raven.Server.Program,  Build 41004, Version 4.1, SemVer 4.1.2, Commit 95419d2
 PID 11924, 64 bits, 4 Cores, Arch: X64
 3.936 GBytes Physical Memory, 509.74 MBytes Available Memory, 536.12 MBytes Calculated Available Memory
 Using GC in server concurrent mode retaining memory from the OS.
2018-11-10T14:28:16.5033124Z, 1, Operations, Server, Raven.Server.RavenServer, During server initialization, validating that the server can authenticate with itself using https://doan.nhom85.ravendb.community.
2018-11-10T14:28:17.1438656Z, 1, Operations, Server, Raven.Server.RavenServer, HTTPS is on. Setting up a new web host to redirect incoming HTTP traffic on port 80 to HTTPS on port 443. The new web host is listening to http://doan.nhom85.ravendb.community/
2018-11-10T14:28:17.2397306Z, 1, Operations, Server, Raven.Server.RavenServer, Failed to create a webhost to redirect HTTP traffic to HTTPS, EXCEPTION: System.Net.Sockets.SocketException (10013): An attempt was made to access a socket in a way forbidden by its access permissions
   at System.Net.Sockets.Socket.UpdateStatusAfterSocketErrorAndThrowException(SocketError error, String callerName)
   at System.Net.Sockets.Socket.DoBind(EndPoint endPointSnapshot, SocketAddress socketAddress)
   at System.Net.Sockets.Socket.Bind(EndPoint localEP)
   at Microsoft.AspNetCore.Server.Kestrel.Transport.Sockets.SocketTransport.BindAsync()
   at Microsoft.AspNetCore.Server.Kestrel.Core.KestrelServer.<>c__DisplayClass22_0`1.<<StartAsync>g__OnBind|0>d.MoveNext()
--- End of stack trace from previous location where exception was thrown ---
   at Microsoft.AspNetCore.Server.Kestrel.Core.Internal.AddressBinder.BindEndpointAsync(ListenOptions endpoint, AddressBindContext context)
   at Microsoft.AspNetCore.Server.Kestrel.Core.ListenOptions.BindAsync(AddressBindContext context)
   at Microsoft.AspNetCore.Server.Kestrel.Core.AnyIPListenOptions.BindAsync(AddressBindContext context)
   at Microsoft.AspNetCore.Server.Kestrel.Core.Internal.AddressBinder.AddressesStrategy.BindAsync(AddressBindContext context)
   at Microsoft.AspNetCore.Server.Kestrel.Core.Internal.AddressBinder.BindAsync(IServerAddressesFeature addresses, KestrelServerOptions serverOptions, ILogger logger, Func`2 createBinding)
   at Microsoft.AspNetCore.Server.Kestrel.Core.KestrelServer.StartAsync[TContext](IHttpApplication`1 application, CancellationToken cancellationToken)
   at Microsoft.AspNetCore.Hosting.Internal.WebHost.StartAsync(CancellationToken cancellationToken)
   at Microsoft.AspNetCore.Hosting.Internal.WebHost.Start()
   at Raven.Server.RavenServer.RedirectsHttpTrafficToHttps() in C:\Builds\RavenDB-Stable-4.1\src\Raven.Server\RavenServer.cs:line 323
2018-11-10T14:28:17.7996336Z, 1, Operations, Server, Sparrow.LowMemory.CheckPageFileOnHdd, Failed to determine if drive C is SSD or HDD
2018-11-10T14:28:17.7998829Z, 1, Operations, Server, Sparrow.LowMemory.CheckPageFileOnHdd, Failed to determine if drive D is SSD or HDD
2018-11-10T14:28:17.8000422Z, 1, Operations, Server, Sparrow.LowMemory.CheckPageFileOnHdd, Failed to determine if drive E is SSD or HDD
2018-11-10T14:28:17.8002216Z, 1, Operations, Server, Sparrow.LowMemory.CheckPageFileOnHdd, Failed to determine if drive F is SSD or HDD
2018-11-10T14:28:17.8003921Z, 1, Operations, Server, Sparrow.LowMemory.CheckPageFileOnHdd, Failed to determine if drive G is SSD or HDD
2018-11-10T14:28:19.7304544Z, 1, Operations, A, Raven.Server.Rachis.RachisConsensus, Took way too much time (00:00:00.1761262) to change the state to LeaderElect in term 9. (Election timeout:00:00:00.3000000)
Time,	Thread,	Level,	Source,	Logger,	Message,	Exception
2018-11-10T14:33:50.8404368Z, 1, Operations, Server, Raven.Server.Program,  Build 41004, Version 4.1, SemVer 4.1.2, Commit 95419d2
 PID 3904, 64 bits, 4 Cores, Arch: X64
 3.936 GBytes Physical Memory, 531.47 MBytes Available Memory, 557.85 MBytes Calculated Available Memory
 Using GC in server concurrent mode retaining memory from the OS.
2018-11-10T14:33:52.7516368Z, 1, Operations, Server, Raven.Server.RavenServer, During server initialization, validating that the server can authenticate with itself using https://doan.nhom85.ravendb.community.
2018-11-10T14:33:53.1070039Z, 1, Operations, Server, Raven.Server.RavenServer, HTTPS is on. Setting up a new web host to redirect incoming HTTP traffic on port 80 to HTTPS on port 443. The new web host is listening to http://doan.nhom85.ravendb.community/
2018-11-10T14:33:53.1587106Z, 1, Operations, Server, Raven.Server.RavenServer, Failed to create a webhost to redirect HTTP traffic to HTTPS, EXCEPTION: System.Net.Sockets.SocketException (10013): An attempt was made to access a socket in a way forbidden by its access permissions
   at System.Net.Sockets.Socket.UpdateStatusAfterSocketErrorAndThrowException(SocketError error, String callerName)
   at System.Net.Sockets.Socket.DoBind(EndPoint endPointSnapshot, SocketAddress socketAddress)
   at System.Net.Sockets.Socket.Bind(EndPoint localEP)
   at Microsoft.AspNetCore.Server.Kestrel.Transport.Sockets.SocketTransport.BindAsync()
   at Microsoft.AspNetCore.Server.Kestrel.Core.KestrelServer.<>c__DisplayClass22_0`1.<<StartAsync>g__OnBind|0>d.MoveNext()
--- End of stack trace from previous location where exception was thrown ---
   at Microsoft.AspNetCore.Server.Kestrel.Core.Internal.AddressBinder.BindEndpointAsync(ListenOptions endpoint, AddressBindContext context)
   at Microsoft.AspNetCore.Server.Kestrel.Core.ListenOptions.BindAsync(AddressBindContext context)
   at Microsoft.AspNetCore.Server.Kestrel.Core.AnyIPListenOptions.BindAsync(AddressBindContext context)
   at Microsoft.AspNetCore.Server.Kestrel.Core.Internal.AddressBinder.AddressesStrategy.BindAsync(AddressBindContext context)
   at Microsoft.AspNetCore.Server.Kestrel.Core.Internal.AddressBinder.BindAsync(IServerAddressesFeature addresses, KestrelServerOptions serverOptions, ILogger logger, Func`2 createBinding)
   at Microsoft.AspNetCore.Server.Kestrel.Core.KestrelServer.StartAsync[TContext](IHttpApplication`1 application, CancellationToken cancellationToken)
   at Microsoft.AspNetCore.Hosting.Internal.WebHost.StartAsync(CancellationToken cancellationToken)
   at Microsoft.AspNetCore.Hosting.Internal.WebHost.Start()
   at Raven.Server.RavenServer.RedirectsHttpTrafficToHttps() in C:\Builds\RavenDB-Stable-4.1\src\Raven.Server\RavenServer.cs:line 323
2018-11-10T14:33:53.4972225Z, 1, Operations, Server, Sparrow.LowMemory.CheckPageFileOnHdd, Failed to determine if drive C is SSD or HDD
2018-11-10T14:33:53.4974488Z, 1, Operations, Server, Sparrow.LowMemory.CheckPageFileOnHdd, Failed to determine if drive D is SSD or HDD
2018-11-10T14:33:53.4976169Z, 1, Operations, Server, Sparrow.LowMemory.CheckPageFileOnHdd, Failed to determine if drive E is SSD or HDD
2018-11-10T14:33:53.4977767Z, 1, Operations, Server, Sparrow.LowMemory.CheckPageFileOnHdd, Failed to determine if drive F is SSD or HDD
2018-11-10T14:33:53.4979487Z, 1, Operations, Server, Sparrow.LowMemory.CheckPageFileOnHdd, Failed to determine if drive G is SSD or HDD
2018-11-10T14:33:55.4813574Z, 1, Operations, A, Raven.Server.Rachis.RachisConsensus, Took way too much time (00:00:00.2195837) to change the state to LeaderElect in term 10. (Election timeout:00:00:00.3000000)
Time,	Thread,	Level,	Source,	Logger,	Message,	Exception
2018-11-10T14:53:45.5836963Z, 1, Operations, Server, Raven.Server.Program,  Build 41004, Version 4.1, SemVer 4.1.2, Commit 95419d2
 PID 4028, 64 bits, 4 Cores, Arch: X64
 3.936 GBytes Physical Memory, 583.4 MBytes Available Memory, 609.93 MBytes Calculated Available Memory
 Using GC in server concurrent mode retaining memory from the OS.
2018-11-10T14:53:50.6990640Z, 1, Operations, Server, Raven.Server.RavenServer, During server initialization, validating that the server can authenticate with itself using https://doan.nhom85.ravendb.community.
2018-11-10T14:53:51.0987487Z, 1, Operations, Server, Raven.Server.RavenServer, HTTPS is on. Setting up a new web host to redirect incoming HTTP traffic on port 80 to HTTPS on port 443. The new web host is listening to http://doan.nhom85.ravendb.community/
2018-11-10T14:53:51.2143027Z, 1, Operations, Server, Raven.Server.RavenServer, Failed to create a webhost to redirect HTTP traffic to HTTPS, EXCEPTION: System.Net.Sockets.SocketException (10013): An attempt was made to access a socket in a way forbidden by its access permissions
   at System.Net.Sockets.Socket.UpdateStatusAfterSocketErrorAndThrowException(SocketError error, String callerName)
   at System.Net.Sockets.Socket.DoBind(EndPoint endPointSnapshot, SocketAddress socketAddress)
   at System.Net.Sockets.Socket.Bind(EndPoint localEP)
   at Microsoft.AspNetCore.Server.Kestrel.Transport.Sockets.SocketTransport.BindAsync()
   at Microsoft.AspNetCore.Server.Kestrel.Core.KestrelServer.<>c__DisplayClass22_0`1.<<StartAsync>g__OnBind|0>d.MoveNext()
--- End of stack trace from previous location where exception was thrown ---
   at Microsoft.AspNetCore.Server.Kestrel.Core.Internal.AddressBinder.BindEndpointAsync(ListenOptions endpoint, AddressBindContext context)
   at Microsoft.AspNetCore.Server.Kestrel.Core.ListenOptions.BindAsync(AddressBindContext context)
   at Microsoft.AspNetCore.Server.Kestrel.Core.AnyIPListenOptions.BindAsync(AddressBindContext context)
   at Microsoft.AspNetCore.Server.Kestrel.Core.Internal.AddressBinder.AddressesStrategy.BindAsync(AddressBindContext context)
   at Microsoft.AspNetCore.Server.Kestrel.Core.Internal.AddressBinder.BindAsync(IServerAddressesFeature addresses, KestrelServerOptions serverOptions, ILogger logger, Func`2 createBinding)
   at Microsoft.AspNetCore.Server.Kestrel.Core.KestrelServer.StartAsync[TContext](IHttpApplication`1 application, CancellationToken cancellationToken)
   at Microsoft.AspNetCore.Hosting.Internal.WebHost.StartAsync(CancellationToken cancellationToken)
   at Microsoft.AspNetCore.Hosting.Internal.WebHost.Start()
   at Raven.Server.RavenServer.RedirectsHttpTrafficToHttps() in C:\Builds\RavenDB-Stable-4.1\src\Raven.Server\RavenServer.cs:line 323
2018-11-10T14:53:52.6938356Z, 1, Operations, Server, Sparrow.LowMemory.CheckPageFileOnHdd, Failed to determine if drive C is SSD or HDD
2018-11-10T14:53:52.6940687Z, 1, Operations, Server, Sparrow.LowMemory.CheckPageFileOnHdd, Failed to determine if drive D is SSD or HDD
2018-11-10T14:53:52.6942329Z, 1, Operations, Server, Sparrow.LowMemory.CheckPageFileOnHdd, Failed to determine if drive E is SSD or HDD
2018-11-10T14:53:52.6943790Z, 1, Operations, Server, Sparrow.LowMemory.CheckPageFileOnHdd, Failed to determine if drive F is SSD or HDD
2018-11-10T14:53:52.6945389Z, 1, Operations, Server, Sparrow.LowMemory.CheckPageFileOnHdd, Failed to determine if drive G is SSD or HDD
2018-11-10T14:53:54.8926729Z, 1, Operations, A, Raven.Server.Rachis.RachisConsensus, Took way too much time (00:00:00.1607885) to change the state to LeaderElect in term 11. (Election timeout:00:00:00.3000000)
Time,	Thread,	Level,	Source,	Logger,	Message,	Exception
2018-11-10T14:56:12.8992927Z, 1, Operations, Server, Raven.Server.Program,  Build 41004, Version 4.1, SemVer 4.1.2, Commit 95419d2
 PID 4160, 64 bits, 4 Cores, Arch: X64
 3.936 GBytes Physical Memory, 396.75 MBytes Available Memory, 423.22 MBytes Calculated Available Memory
 Using GC in server concurrent mode retaining memory from the OS.
2018-11-10T14:56:14.6290325Z, 1, Operations, Server, Raven.Server.RavenServer, During server initialization, validating that the server can authenticate with itself using https://doan.nhom85.ravendb.community.
2018-11-10T14:56:14.9944687Z, 1, Operations, Server, Raven.Server.RavenServer, HTTPS is on. Setting up a new web host to redirect incoming HTTP traffic on port 80 to HTTPS on port 443. The new web host is listening to http://doan.nhom85.ravendb.community/
2018-11-10T14:56:15.0776265Z, 1, Operations, Server, Raven.Server.RavenServer, Failed to create a webhost to redirect HTTP traffic to HTTPS, EXCEPTION: System.Net.Sockets.SocketException (10013): An attempt was made to access a socket in a way forbidden by its access permissions
   at System.Net.Sockets.Socket.UpdateStatusAfterSocketErrorAndThrowException(SocketError error, String callerName)
   at System.Net.Sockets.Socket.DoBind(EndPoint endPointSnapshot, SocketAddress socketAddress)
   at System.Net.Sockets.Socket.Bind(EndPoint localEP)
   at Microsoft.AspNetCore.Server.Kestrel.Transport.Sockets.SocketTransport.BindAsync()
   at Microsoft.AspNetCore.Server.Kestrel.Core.KestrelServer.<>c__DisplayClass22_0`1.<<StartAsync>g__OnBind|0>d.MoveNext()
--- End of stack trace from previous location where exception was thrown ---
   at Microsoft.AspNetCore.Server.Kestrel.Core.Internal.AddressBinder.BindEndpointAsync(ListenOptions endpoint, AddressBindContext context)
   at Microsoft.AspNetCore.Server.Kestrel.Core.ListenOptions.BindAsync(AddressBindContext context)
   at Microsoft.AspNetCore.Server.Kestrel.Core.AnyIPListenOptions.BindAsync(AddressBindContext context)
   at Microsoft.AspNetCore.Server.Kestrel.Core.Internal.AddressBinder.AddressesStrategy.BindAsync(AddressBindContext context)
   at Microsoft.AspNetCore.Server.Kestrel.Core.Internal.AddressBinder.BindAsync(IServerAddressesFeature addresses, KestrelServerOptions serverOptions, ILogger logger, Func`2 createBinding)
   at Microsoft.AspNetCore.Server.Kestrel.Core.KestrelServer.StartAsync[TContext](IHttpApplication`1 application, CancellationToken cancellationToken)
   at Microsoft.AspNetCore.Hosting.Internal.WebHost.StartAsync(CancellationToken cancellationToken)
   at Microsoft.AspNetCore.Hosting.Internal.WebHost.Start()
   at Raven.Server.RavenServer.RedirectsHttpTrafficToHttps() in C:\Builds\RavenDB-Stable-4.1\src\Raven.Server\RavenServer.cs:line 323
2018-11-10T14:56:15.4416489Z, 1, Operations, Server, Sparrow.LowMemory.CheckPageFileOnHdd, Failed to determine if drive C is SSD or HDD
2018-11-10T14:56:15.4418927Z, 1, Operations, Server, Sparrow.LowMemory.CheckPageFileOnHdd, Failed to determine if drive D is SSD or HDD
2018-11-10T14:56:15.4420653Z, 1, Operations, Server, Sparrow.LowMemory.CheckPageFileOnHdd, Failed to determine if drive E is SSD or HDD
2018-11-10T14:56:15.4422784Z, 1, Operations, Server, Sparrow.LowMemory.CheckPageFileOnHdd, Failed to determine if drive F is SSD or HDD
2018-11-10T14:56:15.4424406Z, 1, Operations, Server, Sparrow.LowMemory.CheckPageFileOnHdd, Failed to determine if drive G is SSD or HDD
Time,	Thread,	Level,	Source,	Logger,	Message,	Exception
2018-11-10T15:16:19.1012544Z, 1, Operations, Server, Raven.Server.Program,  Build 41004, Version 4.1, SemVer 4.1.2, Commit 95419d2
 PID 4532, 64 bits, 4 Cores, Arch: X64
 3.936 GBytes Physical Memory, 443.45 MBytes Available Memory, 469.83 MBytes Calculated Available Memory
 Using GC in server concurrent mode retaining memory from the OS.
2018-11-10T15:16:24.5979519Z, 1, Operations, Server, Raven.Server.RavenServer, During server initialization, validating that the server can authenticate with itself using https://doan.nhom85.ravendb.community.
2018-11-10T15:16:25.0701700Z, 1, Operations, Server, Raven.Server.RavenServer, HTTPS is on. Setting up a new web host to redirect incoming HTTP traffic on port 80 to HTTPS on port 443. The new web host is listening to http://doan.nhom85.ravendb.community/
2018-11-10T15:16:25.1859146Z, 1, Operations, Server, Raven.Server.RavenServer, Failed to create a webhost to redirect HTTP traffic to HTTPS, EXCEPTION: System.Net.Sockets.SocketException (10013): An attempt was made to access a socket in a way forbidden by its access permissions
   at System.Net.Sockets.Socket.UpdateStatusAfterSocketErrorAndThrowException(SocketError error, String callerName)
   at System.Net.Sockets.Socket.DoBind(EndPoint endPointSnapshot, SocketAddress socketAddress)
   at System.Net.Sockets.Socket.Bind(EndPoint localEP)
   at Microsoft.AspNetCore.Server.Kestrel.Transport.Sockets.SocketTransport.BindAsync()
   at Microsoft.AspNetCore.Server.Kestrel.Core.KestrelServer.<>c__DisplayClass22_0`1.<<StartAsync>g__OnBind|0>d.MoveNext()
--- End of stack trace from previous location where exception was thrown ---
   at Microsoft.AspNetCore.Server.Kestrel.Core.Internal.AddressBinder.BindEndpointAsync(ListenOptions endpoint, AddressBindContext context)
   at Microsoft.AspNetCore.Server.Kestrel.Core.ListenOptions.BindAsync(AddressBindContext context)
   at Microsoft.AspNetCore.Server.Kestrel.Core.AnyIPListenOptions.BindAsync(AddressBindContext context)
   at Microsoft.AspNetCore.Server.Kestrel.Core.Internal.AddressBinder.AddressesStrategy.BindAsync(AddressBindContext context)
   at Microsoft.AspNetCore.Server.Kestrel.Core.Internal.AddressBinder.BindAsync(IServerAddressesFeature addresses, KestrelServerOptions serverOptions, ILogger logger, Func`2 createBinding)
   at Microsoft.AspNetCore.Server.Kestrel.Core.KestrelServer.StartAsync[TContext](IHttpApplication`1 application, CancellationToken cancellationToken)
   at Microsoft.AspNetCore.Hosting.Internal.WebHost.StartAsync(CancellationToken cancellationToken)
   at Microsoft.AspNetCore.Hosting.Internal.WebHost.Start()
   at Raven.Server.RavenServer.RedirectsHttpTrafficToHttps() in C:\Builds\RavenDB-Stable-4.1\src\Raven.Server\RavenServer.cs:line 323
2018-11-10T15:16:28.0669014Z, 1, Operations, Server, Sparrow.LowMemory.CheckPageFileOnHdd, Failed to determine if drive C is SSD or HDD
2018-11-10T15:16:28.0671546Z, 1, Operations, Server, Sparrow.LowMemory.CheckPageFileOnHdd, Failed to determine if drive D is SSD or HDD
2018-11-10T15:16:28.0673241Z, 1, Operations, Server, Sparrow.LowMemory.CheckPageFileOnHdd, Failed to determine if drive E is SSD or HDD
2018-11-10T15:16:28.0675060Z, 1, Operations, Server, Sparrow.LowMemory.CheckPageFileOnHdd, Failed to determine if drive F is SSD or HDD
2018-11-10T15:16:28.0676765Z, 1, Operations, Server, Sparrow.LowMemory.CheckPageFileOnHdd, Failed to determine if drive G is SSD or HDD
2018-11-10T15:16:35.8515994Z, 1, Operations, A, Raven.Server.Rachis.RachisConsensus, Took way too much time (00:00:00.4300894) to change the state to LeaderElect in term 13. (Election timeout:00:00:00.3000000)
Time,	Thread,	Level,	Source,	Logger,	Message,	Exception
2018-11-10T15:19:53.0091633Z, 1, Operations, Server, Raven.Server.Program,  Build 41004, Version 4.1, SemVer 4.1.2, Commit 95419d2
 PID 1876, 64 bits, 4 Cores, Arch: X64
 3.936 GBytes Physical Memory, 650.27 MBytes Available Memory, 676.61 MBytes Calculated Available Memory
 Using GC in server concurrent mode retaining memory from the OS.
2018-11-10T15:19:54.5408740Z, 1, Operations, Server, Raven.Server.RavenServer, During server initialization, validating that the server can authenticate with itself using https://doan.nhom85.ravendb.community.
2018-11-10T15:19:54.8994320Z, 1, Operations, Server, Raven.Server.RavenServer, HTTPS is on. Setting up a new web host to redirect incoming HTTP traffic on port 80 to HTTPS on port 443. The new web host is listening to http://doan.nhom85.ravendb.community/
2018-11-10T15:19:54.9608698Z, 1, Operations, Server, Raven.Server.RavenServer, Failed to create a webhost to redirect HTTP traffic to HTTPS, EXCEPTION: System.Net.Sockets.SocketException (10013): An attempt was made to access a socket in a way forbidden by its access permissions
   at System.Net.Sockets.Socket.UpdateStatusAfterSocketErrorAndThrowException(SocketError error, String callerName)
   at System.Net.Sockets.Socket.DoBind(EndPoint endPointSnapshot, SocketAddress socketAddress)
   at System.Net.Sockets.Socket.Bind(EndPoint localEP)
   at Microsoft.AspNetCore.Server.Kestrel.Transport.Sockets.SocketTransport.BindAsync()
   at Microsoft.AspNetCore.Server.Kestrel.Core.KestrelServer.<>c__DisplayClass22_0`1.<<StartAsync>g__OnBind|0>d.MoveNext()
--- End of stack trace from previous location where exception was thrown ---
   at Microsoft.AspNetCore.Server.Kestrel.Core.Internal.AddressBinder.BindEndpointAsync(ListenOptions endpoint, AddressBindContext context)
   at Microsoft.AspNetCore.Server.Kestrel.Core.ListenOptions.BindAsync(AddressBindContext context)
   at Microsoft.AspNetCore.Server.Kestrel.Core.AnyIPListenOptions.BindAsync(AddressBindContext context)
   at Microsoft.AspNetCore.Server.Kestrel.Core.Internal.AddressBinder.AddressesStrategy.BindAsync(AddressBindContext context)
   at Microsoft.AspNetCore.Server.Kestrel.Core.Internal.AddressBinder.BindAsync(IServerAddressesFeature addresses, KestrelServerOptions serverOptions, ILogger logger, Func`2 createBinding)
   at Microsoft.AspNetCore.Server.Kestrel.Core.KestrelServer.StartAsync[TContext](IHttpApplication`1 application, CancellationToken cancellationToken)
   at Microsoft.AspNetCore.Hosting.Internal.WebHost.StartAsync(CancellationToken cancellationToken)
   at Microsoft.AspNetCore.Hosting.Internal.WebHost.Start()
   at Raven.Server.RavenServer.RedirectsHttpTrafficToHttps() in C:\Builds\RavenDB-Stable-4.1\src\Raven.Server\RavenServer.cs:line 323
2018-11-10T15:19:55.2030395Z, 1, Operations, Server, Sparrow.LowMemory.CheckPageFileOnHdd, Failed to determine if drive C is SSD or HDD
2018-11-10T15:19:55.2032937Z, 1, Operations, Server, Sparrow.LowMemory.CheckPageFileOnHdd, Failed to determine if drive D is SSD or HDD
2018-11-10T15:19:55.2034828Z, 1, Operations, Server, Sparrow.LowMemory.CheckPageFileOnHdd, Failed to determine if drive E is SSD or HDD
2018-11-10T15:19:55.2036539Z, 1, Operations, Server, Sparrow.LowMemory.CheckPageFileOnHdd, Failed to determine if drive F is SSD or HDD
2018-11-10T15:19:55.2038293Z, 1, Operations, Server, Sparrow.LowMemory.CheckPageFileOnHdd, Failed to determine if drive G is SSD or HDD
Time,	Thread,	Level,	Source,	Logger,	Message,	Exception
2018-11-10T15:22:42.5750028Z, 1, Operations, Server, Raven.Server.Program,  Build 41004, Version 4.1, SemVer 4.1.2, Commit 95419d2
 PID 12544, 64 bits, 4 Cores, Arch: X64
 3.936 GBytes Physical Memory, 787.84 MBytes Available Memory, 814.18 MBytes Calculated Available Memory
 Using GC in server concurrent mode retaining memory from the OS.
2018-11-10T15:22:44.2544369Z, 1, Operations, Server, Raven.Server.RavenServer, During server initialization, validating that the server can authenticate with itself using https://doan.nhom85.ravendb.community.
2018-11-10T15:22:44.6281860Z, 1, Operations, Server, Raven.Server.RavenServer, HTTPS is on. Setting up a new web host to redirect incoming HTTP traffic on port 80 to HTTPS on port 443. The new web host is listening to http://doan.nhom85.ravendb.community/
2018-11-10T15:22:44.6970202Z, 1, Operations, Server, Raven.Server.RavenServer, Failed to create a webhost to redirect HTTP traffic to HTTPS, EXCEPTION: System.Net.Sockets.SocketException (10013): An attempt was made to access a socket in a way forbidden by its access permissions
   at System.Net.Sockets.Socket.UpdateStatusAfterSocketErrorAndThrowException(SocketError error, String callerName)
   at System.Net.Sockets.Socket.DoBind(EndPoint endPointSnapshot, SocketAddress socketAddress)
   at System.Net.Sockets.Socket.Bind(EndPoint localEP)
   at Microsoft.AspNetCore.Server.Kestrel.Transport.Sockets.SocketTransport.BindAsync()
   at Microsoft.AspNetCore.Server.Kestrel.Core.KestrelServer.<>c__DisplayClass22_0`1.<<StartAsync>g__OnBind|0>d.MoveNext()
--- End of stack trace from previous location where exception was thrown ---
   at Microsoft.AspNetCore.Server.Kestrel.Core.Internal.AddressBinder.BindEndpointAsync(ListenOptions endpoint, AddressBindContext context)
   at Microsoft.AspNetCore.Server.Kestrel.Core.ListenOptions.BindAsync(AddressBindContext context)
   at Microsoft.AspNetCore.Server.Kestrel.Core.AnyIPListenOptions.BindAsync(AddressBindContext context)
   at Microsoft.AspNetCore.Server.Kestrel.Core.Internal.AddressBinder.AddressesStrategy.BindAsync(AddressBindContext context)
   at Microsoft.AspNetCore.Server.Kestrel.Core.Internal.AddressBinder.BindAsync(IServerAddressesFeature addresses, KestrelServerOptions serverOptions, ILogger logger, Func`2 createBinding)
   at Microsoft.AspNetCore.Server.Kestrel.Core.KestrelServer.StartAsync[TContext](IHttpApplication`1 application, CancellationToken cancellationToken)
   at Microsoft.AspNetCore.Hosting.Internal.WebHost.StartAsync(CancellationToken cancellationToken)
   at Microsoft.AspNetCore.Hosting.Internal.WebHost.Start()
   at Raven.Server.RavenServer.RedirectsHttpTrafficToHttps() in C:\Builds\RavenDB-Stable-4.1\src\Raven.Server\RavenServer.cs:line 323
2018-11-10T15:22:44.9527071Z, 1, Operations, Server, Sparrow.LowMemory.CheckPageFileOnHdd, Failed to determine if drive C is SSD or HDD
2018-11-10T15:22:44.9529163Z, 1, Operations, Server, Sparrow.LowMemory.CheckPageFileOnHdd, Failed to determine if drive D is SSD or HDD
2018-11-10T15:22:44.9530629Z, 1, Operations, Server, Sparrow.LowMemory.CheckPageFileOnHdd, Failed to determine if drive E is SSD or HDD
2018-11-10T15:22:44.9532071Z, 1, Operations, Server, Sparrow.LowMemory.CheckPageFileOnHdd, Failed to determine if drive F is SSD or HDD
2018-11-10T15:22:44.9533532Z, 1, Operations, Server, Sparrow.LowMemory.CheckPageFileOnHdd, Failed to determine if drive G is SSD or HDD
Time,	Thread,	Level,	Source,	Logger,	Message,	Exception
2018-11-10T15:23:31.1056476Z, 1, Operations, Server, Raven.Server.Program,  Build 41004, Version 4.1, SemVer 4.1.2, Commit 95419d2
 PID 8496, 64 bits, 4 Cores, Arch: X64
 3.936 GBytes Physical Memory, 772.68 MBytes Available Memory, 799.04 MBytes Calculated Available Memory
 Using GC in server concurrent mode retaining memory from the OS.
2018-11-10T15:23:32.6010279Z, 1, Operations, Server, Raven.Server.RavenServer, During server initialization, validating that the server can authenticate with itself using https://doan.nhom85.ravendb.community.
2018-11-10T15:23:32.9657160Z, 1, Operations, Server, Raven.Server.RavenServer, HTTPS is on. Setting up a new web host to redirect incoming HTTP traffic on port 80 to HTTPS on port 443. The new web host is listening to http://doan.nhom85.ravendb.community/
2018-11-10T15:23:33.0186006Z, 1, Operations, Server, Raven.Server.RavenServer, Failed to create a webhost to redirect HTTP traffic to HTTPS, EXCEPTION: System.Net.Sockets.SocketException (10013): An attempt was made to access a socket in a way forbidden by its access permissions
   at System.Net.Sockets.Socket.UpdateStatusAfterSocketErrorAndThrowException(SocketError error, String callerName)
   at System.Net.Sockets.Socket.DoBind(EndPoint endPointSnapshot, SocketAddress socketAddress)
   at System.Net.Sockets.Socket.Bind(EndPoint localEP)
   at Microsoft.AspNetCore.Server.Kestrel.Transport.Sockets.SocketTransport.BindAsync()
   at Microsoft.AspNetCore.Server.Kestrel.Core.KestrelServer.<>c__DisplayClass22_0`1.<<StartAsync>g__OnBind|0>d.MoveNext()
--- End of stack trace from previous location where exception was thrown ---
   at Microsoft.AspNetCore.Server.Kestrel.Core.Internal.AddressBinder.BindEndpointAsync(ListenOptions endpoint, AddressBindContext context)
   at Microsoft.AspNetCore.Server.Kestrel.Core.ListenOptions.BindAsync(AddressBindContext context)
   at Microsoft.AspNetCore.Server.Kestrel.Core.AnyIPListenOptions.BindAsync(AddressBindContext context)
   at Microsoft.AspNetCore.Server.Kestrel.Core.Internal.AddressBinder.AddressesStrategy.BindAsync(AddressBindContext context)
   at Microsoft.AspNetCore.Server.Kestrel.Core.Internal.AddressBinder.BindAsync(IServerAddressesFeature addresses, KestrelServerOptions serverOptions, ILogger logger, Func`2 createBinding)
   at Microsoft.AspNetCore.Server.Kestrel.Core.KestrelServer.StartAsync[TContext](IHttpApplication`1 application, CancellationToken cancellationToken)
   at Microsoft.AspNetCore.Hosting.Internal.WebHost.StartAsync(CancellationToken cancellationToken)
   at Microsoft.AspNetCore.Hosting.Internal.WebHost.Start()
   at Raven.Server.RavenServer.RedirectsHttpTrafficToHttps() in C:\Builds\RavenDB-Stable-4.1\src\Raven.Server\RavenServer.cs:line 323
2018-11-10T15:23:33.3306514Z, 1, Operations, Server, Sparrow.LowMemory.CheckPageFileOnHdd, Failed to determine if drive C is SSD or HDD
2018-11-10T15:23:33.3308312Z, 1, Operations, Server, Sparrow.LowMemory.CheckPageFileOnHdd, Failed to determine if drive D is SSD or HDD
2018-11-10T15:23:33.3309529Z, 1, Operations, Server, Sparrow.LowMemory.CheckPageFileOnHdd, Failed to determine if drive E is SSD or HDD
2018-11-10T15:23:33.3310678Z, 1, Operations, Server, Sparrow.LowMemory.CheckPageFileOnHdd, Failed to determine if drive F is SSD or HDD
2018-11-10T15:23:33.3311816Z, 1, Operations, Server, Sparrow.LowMemory.CheckPageFileOnHdd, Failed to determine if drive G is SSD or HDD
Time,	Thread,	Level,	Source,	Logger,	Message,	Exception
2018-11-10T15:24:04.8924912Z, 1, Operations, Server, Raven.Server.Program,  Build 41004, Version 4.1, SemVer 4.1.2, Commit 95419d2
 PID 13000, 64 bits, 4 Cores, Arch: X64
 3.936 GBytes Physical Memory, 703.94 MBytes Available Memory, 730.28 MBytes Calculated Available Memory
 Using GC in server concurrent mode retaining memory from the OS.
2018-11-10T15:24:06.5701937Z, 1, Operations, Server, Raven.Server.RavenServer, During server initialization, validating that the server can authenticate with itself using https://doan.nhom85.ravendb.community.
2018-11-10T15:24:06.9261756Z, 1, Operations, Server, Raven.Server.RavenServer, HTTPS is on. Setting up a new web host to redirect incoming HTTP traffic on port 80 to HTTPS on port 443. The new web host is listening to http://doan.nhom85.ravendb.community/
2018-11-10T15:24:06.9950371Z, 1, Operations, Server, Raven.Server.RavenServer, Failed to create a webhost to redirect HTTP traffic to HTTPS, EXCEPTION: System.Net.Sockets.SocketException (10013): An attempt was made to access a socket in a way forbidden by its access permissions
   at System.Net.Sockets.Socket.UpdateStatusAfterSocketErrorAndThrowException(SocketError error, String callerName)
   at System.Net.Sockets.Socket.DoBind(EndPoint endPointSnapshot, SocketAddress socketAddress)
   at System.Net.Sockets.Socket.Bind(EndPoint localEP)
   at Microsoft.AspNetCore.Server.Kestrel.Transport.Sockets.SocketTransport.BindAsync()
   at Microsoft.AspNetCore.Server.Kestrel.Core.KestrelServer.<>c__DisplayClass22_0`1.<<StartAsync>g__OnBind|0>d.MoveNext()
--- End of stack trace from previous location where exception was thrown ---
   at Microsoft.AspNetCore.Server.Kestrel.Core.Internal.AddressBinder.BindEndpointAsync(ListenOptions endpoint, AddressBindContext context)
   at Microsoft.AspNetCore.Server.Kestrel.Core.ListenOptions.BindAsync(AddressBindContext context)
   at Microsoft.AspNetCore.Server.Kestrel.Core.AnyIPListenOptions.BindAsync(AddressBindContext context)
   at Microsoft.AspNetCore.Server.Kestrel.Core.Internal.AddressBinder.AddressesStrategy.BindAsync(AddressBindContext context)
   at Microsoft.AspNetCore.Server.Kestrel.Core.Internal.AddressBinder.BindAsync(IServerAddressesFeature addresses, KestrelServerOptions serverOptions, ILogger logger, Func`2 createBinding)
   at Microsoft.AspNetCore.Server.Kestrel.Core.KestrelServer.StartAsync[TContext](IHttpApplication`1 application, CancellationToken cancellationToken)
   at Microsoft.AspNetCore.Hosting.Internal.WebHost.StartAsync(CancellationToken cancellationToken)
   at Microsoft.AspNetCore.Hosting.Internal.WebHost.Start()
   at Raven.Server.RavenServer.RedirectsHttpTrafficToHttps() in C:\Builds\RavenDB-Stable-4.1\src\Raven.Server\RavenServer.cs:line 323
2018-11-10T15:24:07.2251588Z, 1, Operations, Server, Sparrow.LowMemory.CheckPageFileOnHdd, Failed to determine if drive C is SSD or HDD
2018-11-10T15:24:07.2253890Z, 1, Operations, Server, Sparrow.LowMemory.CheckPageFileOnHdd, Failed to determine if drive D is SSD or HDD
2018-11-10T15:24:07.2255317Z, 1, Operations, Server, Sparrow.LowMemory.CheckPageFileOnHdd, Failed to determine if drive E is SSD or HDD
2018-11-10T15:24:07.2256890Z, 1, Operations, Server, Sparrow.LowMemory.CheckPageFileOnHdd, Failed to determine if drive F is SSD or HDD
2018-11-10T15:24:07.2258381Z, 1, Operations, Server, Sparrow.LowMemory.CheckPageFileOnHdd, Failed to determine if drive G is SSD or HDD
Time,	Thread,	Level,	Source,	Logger,	Message,	Exception
2018-11-10T15:24:57.7500489Z, 1, Operations, Server, Raven.Server.Program,  Build 41004, Version 4.1, SemVer 4.1.2, Commit 95419d2
 PID 13544, 64 bits, 4 Cores, Arch: X64
 3.936 GBytes Physical Memory, 754.05 MBytes Available Memory, 780.49 MBytes Calculated Available Memory
 Using GC in server concurrent mode retaining memory from the OS.
2018-11-10T15:24:59.5751822Z, 1, Operations, Server, Raven.Server.RavenServer, During server initialization, validating that the server can authenticate with itself using https://doan.nhom85.ravendb.community.
2018-11-10T15:24:59.9509315Z, 1, Operations, Server, Raven.Server.RavenServer, HTTPS is on. Setting up a new web host to redirect incoming HTTP traffic on port 80 to HTTPS on port 443. The new web host is listening to http://doan.nhom85.ravendb.community/
2018-11-10T15:25:00.0128492Z, 1, Operations, Server, Raven.Server.RavenServer, Failed to create a webhost to redirect HTTP traffic to HTTPS, EXCEPTION: System.Net.Sockets.SocketException (10013): An attempt was made to access a socket in a way forbidden by its access permissions
   at System.Net.Sockets.Socket.UpdateStatusAfterSocketErrorAndThrowException(SocketError error, String callerName)
   at System.Net.Sockets.Socket.DoBind(EndPoint endPointSnapshot, SocketAddress socketAddress)
   at System.Net.Sockets.Socket.Bind(EndPoint localEP)
   at Microsoft.AspNetCore.Server.Kestrel.Transport.Sockets.SocketTransport.BindAsync()
   at Microsoft.AspNetCore.Server.Kestrel.Core.KestrelServer.<>c__DisplayClass22_0`1.<<StartAsync>g__OnBind|0>d.MoveNext()
--- End of stack trace from previous location where exception was thrown ---
   at Microsoft.AspNetCore.Server.Kestrel.Core.Internal.AddressBinder.BindEndpointAsync(ListenOptions endpoint, AddressBindContext context)
   at Microsoft.AspNetCore.Server.Kestrel.Core.ListenOptions.BindAsync(AddressBindContext context)
   at Microsoft.AspNetCore.Server.Kestrel.Core.AnyIPListenOptions.BindAsync(AddressBindContext context)
   at Microsoft.AspNetCore.Server.Kestrel.Core.Internal.AddressBinder.AddressesStrategy.BindAsync(AddressBindContext context)
   at Microsoft.AspNetCore.Server.Kestrel.Core.Internal.AddressBinder.BindAsync(IServerAddressesFeature addresses, KestrelServerOptions serverOptions, ILogger logger, Func`2 createBinding)
   at Microsoft.AspNetCore.Server.Kestrel.Core.KestrelServer.StartAsync[TContext](IHttpApplication`1 application, CancellationToken cancellationToken)
   at Microsoft.AspNetCore.Hosting.Internal.WebHost.StartAsync(CancellationToken cancellationToken)
   at Microsoft.AspNetCore.Hosting.Internal.WebHost.Start()
   at Raven.Server.RavenServer.RedirectsHttpTrafficToHttps() in C:\Builds\RavenDB-Stable-4.1\src\Raven.Server\RavenServer.cs:line 323
2018-11-10T15:25:00.2295373Z, 1, Operations, Server, Sparrow.LowMemory.CheckPageFileOnHdd, Failed to determine if drive C is SSD or HDD
2018-11-10T15:25:00.2297436Z, 1, Operations, Server, Sparrow.LowMemory.CheckPageFileOnHdd, Failed to determine if drive D is SSD or HDD
2018-11-10T15:25:00.2298897Z, 1, Operations, Server, Sparrow.LowMemory.CheckPageFileOnHdd, Failed to determine if drive E is SSD or HDD
2018-11-10T15:25:00.2300436Z, 1, Operations, Server, Sparrow.LowMemory.CheckPageFileOnHdd, Failed to determine if drive F is SSD or HDD
2018-11-10T15:25:00.2302523Z, 1, Operations, Server, Sparrow.LowMemory.CheckPageFileOnHdd, Failed to determine if drive G is SSD or HDD
Time,	Thread,	Level,	Source,	Logger,	Message,	Exception
2018-11-10T15:26:25.0979595Z, 1, Operations, Server, Raven.Server.Program,  Build 41004, Version 4.1, SemVer 4.1.2, Commit 95419d2
 PID 8052, 64 bits, 4 Cores, Arch: X64
 3.936 GBytes Physical Memory, 733.54 MBytes Available Memory, 759.96 MBytes Calculated Available Memory
 Using GC in server concurrent mode retaining memory from the OS.
2018-11-10T15:26:26.5796730Z, 1, Operations, Server, Raven.Server.RavenServer, During server initialization, validating that the server can authenticate with itself using https://doan.nhom85.ravendb.community.
2018-11-10T15:26:26.9327988Z, 1, Operations, Server, Raven.Server.RavenServer, HTTPS is on. Setting up a new web host to redirect incoming HTTP traffic on port 80 to HTTPS on port 443. The new web host is listening to http://doan.nhom85.ravendb.community/
2018-11-10T15:26:26.9859806Z, 1, Operations, Server, Raven.Server.RavenServer, Failed to create a webhost to redirect HTTP traffic to HTTPS, EXCEPTION: System.Net.Sockets.SocketException (10013): An attempt was made to access a socket in a way forbidden by its access permissions
   at System.Net.Sockets.Socket.UpdateStatusAfterSocketErrorAndThrowException(SocketError error, String callerName)
   at System.Net.Sockets.Socket.DoBind(EndPoint endPointSnapshot, SocketAddress socketAddress)
   at System.Net.Sockets.Socket.Bind(EndPoint localEP)
   at Microsoft.AspNetCore.Server.Kestrel.Transport.Sockets.SocketTransport.BindAsync()
   at Microsoft.AspNetCore.Server.Kestrel.Core.KestrelServer.<>c__DisplayClass22_0`1.<<StartAsync>g__OnBind|0>d.MoveNext()
--- End of stack trace from previous location where exception was thrown ---
   at Microsoft.AspNetCore.Server.Kestrel.Core.Internal.AddressBinder.BindEndpointAsync(ListenOptions endpoint, AddressBindContext context)
   at Microsoft.AspNetCore.Server.Kestrel.Core.ListenOptions.BindAsync(AddressBindContext context)
   at Microsoft.AspNetCore.Server.Kestrel.Core.AnyIPListenOptions.BindAsync(AddressBindContext context)
   at Microsoft.AspNetCore.Server.Kestrel.Core.Internal.AddressBinder.AddressesStrategy.BindAsync(AddressBindContext context)
   at Microsoft.AspNetCore.Server.Kestrel.Core.Internal.AddressBinder.BindAsync(IServerAddressesFeature addresses, KestrelServerOptions serverOptions, ILogger logger, Func`2 createBinding)
   at Microsoft.AspNetCore.Server.Kestrel.Core.KestrelServer.StartAsync[TContext](IHttpApplication`1 application, CancellationToken cancellationToken)
   at Microsoft.AspNetCore.Hosting.Internal.WebHost.StartAsync(CancellationToken cancellationToken)
   at Microsoft.AspNetCore.Hosting.Internal.WebHost.Start()
   at Raven.Server.RavenServer.RedirectsHttpTrafficToHttps() in C:\Builds\RavenDB-Stable-4.1\src\Raven.Server\RavenServer.cs:line 323
2018-11-10T15:26:27.2250435Z, 1, Operations, Server, Sparrow.LowMemory.CheckPageFileOnHdd, Failed to determine if drive C is SSD or HDD
2018-11-10T15:26:27.2252673Z, 1, Operations, Server, Sparrow.LowMemory.CheckPageFileOnHdd, Failed to determine if drive D is SSD or HDD
2018-11-10T15:26:27.2254134Z, 1, Operations, Server, Sparrow.LowMemory.CheckPageFileOnHdd, Failed to determine if drive E is SSD or HDD
2018-11-10T15:26:27.2255703Z, 1, Operations, Server, Sparrow.LowMemory.CheckPageFileOnHdd, Failed to determine if drive F is SSD or HDD
2018-11-10T15:26:27.2257120Z, 1, Operations, Server, Sparrow.LowMemory.CheckPageFileOnHdd, Failed to determine if drive G is SSD or HDD
Time,	Thread,	Level,	Source,	Logger,	Message,	Exception
2018-11-10T15:27:28.9246093Z, 1, Operations, Server, Raven.Server.Program,  Build 41004, Version 4.1, SemVer 4.1.2, Commit 95419d2
 PID 1028, 64 bits, 4 Cores, Arch: X64
 3.936 GBytes Physical Memory, 725.54 MBytes Available Memory, 751.96 MBytes Calculated Available Memory
 Using GC in server concurrent mode retaining memory from the OS.
2018-11-10T15:27:30.5009471Z, 1, Operations, Server, Raven.Server.RavenServer, During server initialization, validating that the server can authenticate with itself using https://doan.nhom85.ravendb.community.
2018-11-10T15:27:30.8565067Z, 1, Operations, Server, Raven.Server.RavenServer, HTTPS is on. Setting up a new web host to redirect incoming HTTP traffic on port 80 to HTTPS on port 443. The new web host is listening to http://doan.nhom85.ravendb.community/
2018-11-10T15:27:30.9084661Z, 1, Operations, Server, Raven.Server.RavenServer, Failed to create a webhost to redirect HTTP traffic to HTTPS, EXCEPTION: System.Net.Sockets.SocketException (10013): An attempt was made to access a socket in a way forbidden by its access permissions
   at System.Net.Sockets.Socket.UpdateStatusAfterSocketErrorAndThrowException(SocketError error, String callerName)
   at System.Net.Sockets.Socket.DoBind(EndPoint endPointSnapshot, SocketAddress socketAddress)
   at System.Net.Sockets.Socket.Bind(EndPoint localEP)
   at Microsoft.AspNetCore.Server.Kestrel.Transport.Sockets.SocketTransport.BindAsync()
   at Microsoft.AspNetCore.Server.Kestrel.Core.KestrelServer.<>c__DisplayClass22_0`1.<<StartAsync>g__OnBind|0>d.MoveNext()
--- End of stack trace from previous location where exception was thrown ---
   at Microsoft.AspNetCore.Server.Kestrel.Core.Internal.AddressBinder.BindEndpointAsync(ListenOptions endpoint, AddressBindContext context)
   at Microsoft.AspNetCore.Server.Kestrel.Core.ListenOptions.BindAsync(AddressBindContext context)
   at Microsoft.AspNetCore.Server.Kestrel.Core.AnyIPListenOptions.BindAsync(AddressBindContext context)
   at Microsoft.AspNetCore.Server.Kestrel.Core.Internal.AddressBinder.AddressesStrategy.BindAsync(AddressBindContext context)
   at Microsoft.AspNetCore.Server.Kestrel.Core.Internal.AddressBinder.BindAsync(IServerAddressesFeature addresses, KestrelServerOptions serverOptions, ILogger logger, Func`2 createBinding)
   at Microsoft.AspNetCore.Server.Kestrel.Core.KestrelServer.StartAsync[TContext](IHttpApplication`1 application, CancellationToken cancellationToken)
   at Microsoft.AspNetCore.Hosting.Internal.WebHost.StartAsync(CancellationToken cancellationToken)
   at Microsoft.AspNetCore.Hosting.Internal.WebHost.Start()
   at Raven.Server.RavenServer.RedirectsHttpTrafficToHttps() in C:\Builds\RavenDB-Stable-4.1\src\Raven.Server\RavenServer.cs:line 323
2018-11-10T15:27:31.1271404Z, 1, Operations, Server, Sparrow.LowMemory.CheckPageFileOnHdd, Failed to determine if drive C is SSD or HDD
2018-11-10T15:27:31.1273657Z, 1, Operations, Server, Sparrow.LowMemory.CheckPageFileOnHdd, Failed to determine if drive D is SSD or HDD
2018-11-10T15:27:31.1275729Z, 1, Operations, Server, Sparrow.LowMemory.CheckPageFileOnHdd, Failed to determine if drive E is SSD or HDD
2018-11-10T15:27:31.1277376Z, 1, Operations, Server, Sparrow.LowMemory.CheckPageFileOnHdd, Failed to determine if drive F is SSD or HDD
2018-11-10T15:27:31.1279008Z, 1, Operations, Server, Sparrow.LowMemory.CheckPageFileOnHdd, Failed to determine if drive G is SSD or HDD
Time,	Thread,	Level,	Source,	Logger,	Message,	Exception
2018-11-10T15:28:20.9094973Z, 1, Operations, Server, Raven.Server.Program,  Build 41004, Version 4.1, SemVer 4.1.2, Commit 95419d2
 PID 14288, 64 bits, 4 Cores, Arch: X64
 3.936 GBytes Physical Memory, 623.99 MBytes Available Memory, 650.36 MBytes Calculated Available Memory
 Using GC in server concurrent mode retaining memory from the OS.
2018-11-10T15:28:22.5039913Z, 1, Operations, Server, Raven.Server.RavenServer, During server initialization, validating that the server can authenticate with itself using https://doan.nhom85.ravendb.community.
2018-11-10T15:28:22.8606027Z, 1, Operations, Server, Raven.Server.RavenServer, HTTPS is on. Setting up a new web host to redirect incoming HTTP traffic on port 80 to HTTPS on port 443. The new web host is listening to http://doan.nhom85.ravendb.community/
2018-11-10T15:28:22.9138421Z, 1, Operations, Server, Raven.Server.RavenServer, Failed to create a webhost to redirect HTTP traffic to HTTPS, EXCEPTION: System.Net.Sockets.SocketException (10013): An attempt was made to access a socket in a way forbidden by its access permissions
   at System.Net.Sockets.Socket.UpdateStatusAfterSocketErrorAndThrowException(SocketError error, String callerName)
   at System.Net.Sockets.Socket.DoBind(EndPoint endPointSnapshot, SocketAddress socketAddress)
   at System.Net.Sockets.Socket.Bind(EndPoint localEP)
   at Microsoft.AspNetCore.Server.Kestrel.Transport.Sockets.SocketTransport.BindAsync()
   at Microsoft.AspNetCore.Server.Kestrel.Core.KestrelServer.<>c__DisplayClass22_0`1.<<StartAsync>g__OnBind|0>d.MoveNext()
--- End of stack trace from previous location where exception was thrown ---
   at Microsoft.AspNetCore.Server.Kestrel.Core.Internal.AddressBinder.BindEndpointAsync(ListenOptions endpoint, AddressBindContext context)
   at Microsoft.AspNetCore.Server.Kestrel.Core.ListenOptions.BindAsync(AddressBindContext context)
   at Microsoft.AspNetCore.Server.Kestrel.Core.AnyIPListenOptions.BindAsync(AddressBindContext context)
   at Microsoft.AspNetCore.Server.Kestrel.Core.Internal.AddressBinder.AddressesStrategy.BindAsync(AddressBindContext context)
   at Microsoft.AspNetCore.Server.Kestrel.Core.Internal.AddressBinder.BindAsync(IServerAddressesFeature addresses, KestrelServerOptions serverOptions, ILogger logger, Func`2 createBinding)
   at Microsoft.AspNetCore.Server.Kestrel.Core.KestrelServer.StartAsync[TContext](IHttpApplication`1 application, CancellationToken cancellationToken)
   at Microsoft.AspNetCore.Hosting.Internal.WebHost.StartAsync(CancellationToken cancellationToken)
   at Microsoft.AspNetCore.Hosting.Internal.WebHost.Start()
   at Raven.Server.RavenServer.RedirectsHttpTrafficToHttps() in C:\Builds\RavenDB-Stable-4.1\src\Raven.Server\RavenServer.cs:line 323
2018-11-10T15:28:23.1423554Z, 1, Operations, Server, Sparrow.LowMemory.CheckPageFileOnHdd, Failed to determine if drive C is SSD or HDD
2018-11-10T15:28:23.1425866Z, 1, Operations, Server, Sparrow.LowMemory.CheckPageFileOnHdd, Failed to determine if drive D is SSD or HDD
2018-11-10T15:28:23.1427532Z, 1, Operations, Server, Sparrow.LowMemory.CheckPageFileOnHdd, Failed to determine if drive E is SSD or HDD
2018-11-10T15:28:23.1429086Z, 1, Operations, Server, Sparrow.LowMemory.CheckPageFileOnHdd, Failed to determine if drive F is SSD or HDD
2018-11-10T15:28:23.1430631Z, 1, Operations, Server, Sparrow.LowMemory.CheckPageFileOnHdd, Failed to determine if drive G is SSD or HDD
Time,	Thread,	Level,	Source,	Logger,	Message,	Exception
2018-11-10T15:31:39.9904176Z, 1, Operations, Server, Raven.Server.Program,  Build 41004, Version 4.1, SemVer 4.1.2, Commit 95419d2
 PID 6836, 64 bits, 4 Cores, Arch: X64
 3.936 GBytes Physical Memory, 617.62 MBytes Available Memory, 644.03 MBytes Calculated Available Memory
 Using GC in server concurrent mode retaining memory from the OS.
2018-11-10T15:31:41.5467563Z, 1, Operations, Server, Raven.Server.RavenServer, During server initialization, validating that the server can authenticate with itself using https://doan.nhom85.ravendb.community.
2018-11-10T15:31:41.9007355Z, 1, Operations, Server, Raven.Server.RavenServer, HTTPS is on. Setting up a new web host to redirect incoming HTTP traffic on port 80 to HTTPS on port 443. The new web host is listening to http://doan.nhom85.ravendb.community/
2018-11-10T15:31:41.9584110Z, 1, Operations, Server, Raven.Server.RavenServer, Failed to create a webhost to redirect HTTP traffic to HTTPS, EXCEPTION: System.Net.Sockets.SocketException (10013): An attempt was made to access a socket in a way forbidden by its access permissions
   at System.Net.Sockets.Socket.UpdateStatusAfterSocketErrorAndThrowException(SocketError error, String callerName)
   at System.Net.Sockets.Socket.DoBind(EndPoint endPointSnapshot, SocketAddress socketAddress)
   at System.Net.Sockets.Socket.Bind(EndPoint localEP)
   at Microsoft.AspNetCore.Server.Kestrel.Transport.Sockets.SocketTransport.BindAsync()
   at Microsoft.AspNetCore.Server.Kestrel.Core.KestrelServer.<>c__DisplayClass22_0`1.<<StartAsync>g__OnBind|0>d.MoveNext()
--- End of stack trace from previous location where exception was thrown ---
   at Microsoft.AspNetCore.Server.Kestrel.Core.Internal.AddressBinder.BindEndpointAsync(ListenOptions endpoint, AddressBindContext context)
   at Microsoft.AspNetCore.Server.Kestrel.Core.ListenOptions.BindAsync(AddressBindContext context)
   at Microsoft.AspNetCore.Server.Kestrel.Core.AnyIPListenOptions.BindAsync(AddressBindContext context)
   at Microsoft.AspNetCore.Server.Kestrel.Core.Internal.AddressBinder.AddressesStrategy.BindAsync(AddressBindContext context)
   at Microsoft.AspNetCore.Server.Kestrel.Core.Internal.AddressBinder.BindAsync(IServerAddressesFeature addresses, KestrelServerOptions serverOptions, ILogger logger, Func`2 createBinding)
   at Microsoft.AspNetCore.Server.Kestrel.Core.KestrelServer.StartAsync[TContext](IHttpApplication`1 application, CancellationToken cancellationToken)
   at Microsoft.AspNetCore.Hosting.Internal.WebHost.StartAsync(CancellationToken cancellationToken)
   at Microsoft.AspNetCore.Hosting.Internal.WebHost.Start()
   at Raven.Server.RavenServer.RedirectsHttpTrafficToHttps() in C:\Builds\RavenDB-Stable-4.1\src\Raven.Server\RavenServer.cs:line 323
2018-11-10T15:31:42.1950660Z, 1, Operations, Server, Sparrow.LowMemory.CheckPageFileOnHdd, Failed to determine if drive C is SSD or HDD
2018-11-10T15:31:42.1953402Z, 1, Operations, Server, Sparrow.LowMemory.CheckPageFileOnHdd, Failed to determine if drive D is SSD or HDD
2018-11-10T15:31:42.1955024Z, 1, Operations, Server, Sparrow.LowMemory.CheckPageFileOnHdd, Failed to determine if drive E is SSD or HDD
2018-11-10T15:31:42.1956608Z, 1, Operations, Server, Sparrow.LowMemory.CheckPageFileOnHdd, Failed to determine if drive F is SSD or HDD
2018-11-10T15:31:42.1958499Z, 1, Operations, Server, Sparrow.LowMemory.CheckPageFileOnHdd, Failed to determine if drive G is SSD or HDD
Time,	Thread,	Level,	Source,	Logger,	Message,	Exception
2018-11-10T15:38:25.8906071Z, 1, Operations, Server, Raven.Server.Program,  Build 41004, Version 4.1, SemVer 4.1.2, Commit 95419d2
 PID 8276, 64 bits, 4 Cores, Arch: X64
 3.936 GBytes Physical Memory, 565.57 MBytes Available Memory, 591.91 MBytes Calculated Available Memory
 Using GC in server concurrent mode retaining memory from the OS.
2018-11-10T15:38:27.5315458Z, 1, Operations, Server, Raven.Server.RavenServer, During server initialization, validating that the server can authenticate with itself using https://doan.nhom85.ravendb.community.
2018-11-10T15:38:27.9047620Z, 1, Operations, Server, Raven.Server.RavenServer, HTTPS is on. Setting up a new web host to redirect incoming HTTP traffic on port 80 to HTTPS on port 443. The new web host is listening to http://doan.nhom85.ravendb.community/
2018-11-10T15:38:27.9589579Z, 1, Operations, Server, Raven.Server.RavenServer, Failed to create a webhost to redirect HTTP traffic to HTTPS, EXCEPTION: System.Net.Sockets.SocketException (10013): An attempt was made to access a socket in a way forbidden by its access permissions
   at System.Net.Sockets.Socket.UpdateStatusAfterSocketErrorAndThrowException(SocketError error, String callerName)
   at System.Net.Sockets.Socket.DoBind(EndPoint endPointSnapshot, SocketAddress socketAddress)
   at System.Net.Sockets.Socket.Bind(EndPoint localEP)
   at Microsoft.AspNetCore.Server.Kestrel.Transport.Sockets.SocketTransport.BindAsync()
   at Microsoft.AspNetCore.Server.Kestrel.Core.KestrelServer.<>c__DisplayClass22_0`1.<<StartAsync>g__OnBind|0>d.MoveNext()
--- End of stack trace from previous location where exception was thrown ---
   at Microsoft.AspNetCore.Server.Kestrel.Core.Internal.AddressBinder.BindEndpointAsync(ListenOptions endpoint, AddressBindContext context)
   at Microsoft.AspNetCore.Server.Kestrel.Core.ListenOptions.BindAsync(AddressBindContext context)
   at Microsoft.AspNetCore.Server.Kestrel.Core.AnyIPListenOptions.BindAsync(AddressBindContext context)
   at Microsoft.AspNetCore.Server.Kestrel.Core.Internal.AddressBinder.AddressesStrategy.BindAsync(AddressBindContext context)
   at Microsoft.AspNetCore.Server.Kestrel.Core.Internal.AddressBinder.BindAsync(IServerAddressesFeature addresses, KestrelServerOptions serverOptions, ILogger logger, Func`2 createBinding)
   at Microsoft.AspNetCore.Server.Kestrel.Core.KestrelServer.StartAsync[TContext](IHttpApplication`1 application, CancellationToken cancellationToken)
   at Microsoft.AspNetCore.Hosting.Internal.WebHost.StartAsync(CancellationToken cancellationToken)
   at Microsoft.AspNetCore.Hosting.Internal.WebHost.Start()
   at Raven.Server.RavenServer.RedirectsHttpTrafficToHttps() in C:\Builds\RavenDB-Stable-4.1\src\Raven.Server\RavenServer.cs:line 323
2018-11-10T15:38:28.2289503Z, 1, Operations, Server, Sparrow.LowMemory.CheckPageFileOnHdd, Failed to determine if drive C is SSD or HDD
2018-11-10T15:38:28.2292240Z, 1, Operations, Server, Sparrow.LowMemory.CheckPageFileOnHdd, Failed to determine if drive D is SSD or HDD
2018-11-10T15:38:28.2294312Z, 1, Operations, Server, Sparrow.LowMemory.CheckPageFileOnHdd, Failed to determine if drive E is SSD or HDD
2018-11-10T15:38:28.2296223Z, 1, Operations, Server, Sparrow.LowMemory.CheckPageFileOnHdd, Failed to determine if drive F is SSD or HDD
2018-11-10T15:38:28.2297861Z, 1, Operations, Server, Sparrow.LowMemory.CheckPageFileOnHdd, Failed to determine if drive G is SSD or HDD
